Mono path[0] = '/home/jm/.local/share/Steam/steamapps/common/Core Keeper/CoreKeeper_Data/Managed'
Mono config path = '/home/jm/.local/share/Steam/steamapps/common/Core Keeper/CoreKeeper_Data/MonoBleedingEdge/etc'
Preloaded 'discord_game_sdk.so'
Preloaded 'lib_burst_generated.so'
Preloaded 'libsteam_api.so'
Unable to preload the following plugins:
	libsentry.so
Display 0 'HDMI-A-1 23"': 1920x1080 (primary device).
Display 1 'DP-2 27"': 2560x1440 (secondary device).
Display 2 'DP-3 27"': 2560x1440 (secondary device).
[Physics::Module] Initialized MultithreadedJobDispatcher with 23 workers.
Loading player data from /home/jm/.local/share/Steam/steamapps/common/Core Keeper/CoreKeeper_Data/data.unity3d
Unable to load player prefs
Desktop is 1920 x 1080 @ 60 Hz
[Vulkan init] extensions: count=23
[Vulkan init] extensions: name=VK_EXT_acquire_drm_display [enabled=0, external=0]
[Vulkan init] extensions: name=VK_EXT_acquire_xlib_display [enabled=0, external=0]
[Vulkan init] extensions: name=VK_EXT_debug_report [enabled=0, external=0]
[Vulkan init] extensions: name=VK_EXT_debug_utils [enabled=0, external=0]
[Vulkan init] extensions: name=VK_EXT_direct_mode_display [enabled=0, external=0]
[Vulkan init] extensions: name=VK_EXT_display_surface_counter [enabled=0, external=0]
[Vulkan init] extensions: name=VK_EXT_surface_maintenance1 [enabled=0, external=0]
[Vulkan init] extensions: name=VK_EXT_swapchain_colorspace [enabled=1, external=0]
[Vulkan init] extensions: name=VK_KHR_device_group_creation [enabled=0, external=0]
[Vulkan init] extensions: name=VK_KHR_display [enabled=1, external=0]
[Vulkan init] extensions: name=VK_KHR_external_fence_capabilities [enabled=1, external=0]
[Vulkan init] extensions: name=VK_KHR_external_memory_capabilities [enabled=1, external=0]
[Vulkan init] extensions: name=VK_KHR_external_semaphore_capabilities [enabled=1, external=0]
[Vulkan init] extensions: name=VK_KHR_get_display_properties2 [enabled=0, external=0]
[Vulkan init] extensions: name=VK_KHR_get_physical_device_properties2 [enabled=1, external=0]
[Vulkan init] extensions: name=VK_KHR_get_surface_capabilities2 [enabled=0, external=0]
[Vulkan init] extensions: name=VK_KHR_portability_enumeration [enabled=0, external=0]
[Vulkan init] extensions: name=VK_KHR_surface [enabled=1, external=0]
[Vulkan init] extensions: name=VK_KHR_surface_protected_capabilities [enabled=0, external=0]
[Vulkan init] extensions: name=VK_KHR_wayland_surface [enabled=1, external=0]
[Vulkan init] extensions: name=VK_KHR_xcb_surface [enabled=0, external=0]
[Vulkan init] extensions: name=VK_KHR_xlib_surface [enabled=1, external=0]
[Vulkan init] extensions: name=VK_LUNARG_direct_driver_loading [enabled=0, external=0]
Vulkan detection: 2
Initialize engine version: 2022.3.20f1 (61c2feb0970d)
[Subsystems] Discovering subsystems at path /home/jm/.local/share/Steam/steamapps/common/Core Keeper/CoreKeeper_Data/UnitySubsystems
GfxDevice: creating device client; threaded=1; jobified=1
[Vulkan init] extensions: count=23
[Vulkan init] extensions: name=VK_EXT_acquire_drm_display [enabled=0, external=0]
[Vulkan init] extensions: name=VK_EXT_acquire_xlib_display [enabled=0, external=0]
[Vulkan init] extensions: name=VK_EXT_debug_report [enabled=0, external=0]
[Vulkan init] extensions: name=VK_EXT_debug_utils [enabled=0, external=0]
[Vulkan init] extensions: name=VK_EXT_direct_mode_display [enabled=0, external=0]
[Vulkan init] extensions: name=VK_EXT_display_surface_counter [enabled=0, external=0]
[Vulkan init] extensions: name=VK_EXT_surface_maintenance1 [enabled=0, external=0]
[Vulkan init] extensions: name=VK_EXT_swapchain_colorspace [enabled=1, external=0]
[Vulkan init] extensions: name=VK_KHR_device_group_creation [enabled=0, external=0]
[Vulkan init] extensions: name=VK_KHR_display [enabled=1, external=0]
[Vulkan init] extensions: name=VK_KHR_external_fence_capabilities [enabled=1, external=0]
[Vulkan init] extensions: name=VK_KHR_external_memory_capabilities [enabled=1, external=0]
[Vulkan init] extensions: name=VK_KHR_external_semaphore_capabilities [enabled=1, external=0]
[Vulkan init] extensions: name=VK_KHR_get_display_properties2 [enabled=0, external=0]
[Vulkan init] extensions: name=VK_KHR_get_physical_device_properties2 [enabled=1, external=0]
[Vulkan init] extensions: name=VK_KHR_get_surface_capabilities2 [enabled=0, external=0]
[Vulkan init] extensions: name=VK_KHR_portability_enumeration [enabled=0, external=0]
[Vulkan init] extensions: name=VK_KHR_surface [enabled=1, external=0]
[Vulkan init] extensions: name=VK_KHR_surface_protected_capabilities [enabled=0, external=0]
[Vulkan init] extensions: name=VK_KHR_wayland_surface [enabled=1, external=0]
[Vulkan init] extensions: name=VK_KHR_xcb_surface [enabled=0, external=0]
[Vulkan init] extensions: name=VK_KHR_xlib_surface [enabled=1, external=0]
[Vulkan init] extensions: name=VK_LUNARG_direct_driver_loading [enabled=0, external=0]
[Vulkan init] SelectPhysicalDevice requestedDeviceIndex=-1 xrDevice=(nil)
[Vulkan init] Physical Device 0x10983ae0 [0]: "NVIDIA GeForce RTX 3080" deviceType=2 vendorID=10de deviceID=2216
[Vulkan init] Selected physical device 0x10983ae0
[Vulkan init] Graphics queue count=1
[Vulkan init] extensions: count=222
[Vulkan init] extensions: name=VK_AMD_buffer_marker [enabled=0, external=0]
[Vulkan init] extensions: name=VK_EXT_4444_formats [enabled=1, external=0]
[Vulkan init] extensions: name=VK_EXT_attachment_feedback_loop_dynamic_state [enabled=0, external=0]
[Vulkan init] extensions: name=VK_EXT_attachment_feedback_loop_layout [enabled=0, external=0]
[Vulkan init] extensions: name=VK_EXT_blend_operation_advanced [enabled=0, external=0]
[Vulkan init] extensions: name=VK_EXT_border_color_swizzle [enabled=0, external=0]
[Vulkan init] extensions: name=VK_EXT_buffer_device_address [enabled=0, external=0]
[Vulkan init] extensions: name=VK_EXT_calibrated_timestamps [enabled=0, external=0]
[Vulkan init] extensions: name=VK_EXT_color_write_enable [enabled=0, external=0]
[Vulkan init] extensions: name=VK_EXT_conditional_rendering [enabled=0, external=0]
[Vulkan init] extensions: name=VK_EXT_conservative_rasterization [enabled=1, external=0]
[Vulkan init] extensions: name=VK_EXT_custom_border_color [enabled=0, external=0]
[Vulkan init] extensions: name=VK_EXT_depth_bias_control [enabled=0, external=0]
[Vulkan init] extensions: name=VK_EXT_depth_clamp_zero_one [enabled=0, external=0]
[Vulkan init] extensions: name=VK_EXT_depth_clip_control [enabled=0, external=0]
[Vulkan init] extensions: name=VK_EXT_depth_clip_enable [enabled=0, external=0]
[Vulkan init] extensions: name=VK_EXT_depth_range_unrestricted [enabled=0, external=0]
[Vulkan init] extensions: name=VK_EXT_descriptor_buffer [enabled=0, external=0]
[Vulkan init] extensions: name=VK_EXT_descriptor_indexing [enabled=0, external=0]
[Vulkan init] extensions: name=VK_EXT_discard_rectangles [enabled=0, external=0]
[Vulkan init] extensions: name=VK_EXT_display_control [enabled=0, external=0]
[Vulkan init] extensions: name=VK_EXT_dynamic_rendering_unused_attachments [enabled=0, external=0]
[Vulkan init] extensions: name=VK_EXT_extended_dynamic_state [enabled=0, external=0]
[Vulkan init] extensions: name=VK_EXT_extended_dynamic_state2 [enabled=0, external=0]
[Vulkan init] extensions: name=VK_EXT_extended_dynamic_state3 [enabled=0, external=0]
[Vulkan init] extensions: name=VK_EXT_external_memory_dma_buf [enabled=0, external=0]
[Vulkan init] extensions: name=VK_EXT_external_memory_host [enabled=1, external=0]
[Vulkan init] extensions: name=VK_EXT_fragment_shader_interlock [enabled=0, external=0]
[Vulkan init] extensions: name=VK_EXT_global_priority [enabled=0, external=0]
[Vulkan init] extensions: name=VK_EXT_global_priority_query [enabled=0, external=0]
[Vulkan init] extensions: name=VK_EXT_graphics_pipeline_library [enabled=0, external=0]
[Vulkan init] extensions: name=VK_EXT_host_image_copy [enabled=0, external=0]
[Vulkan init] extensions: name=VK_EXT_host_query_reset [enabled=0, external=0]
[Vulkan init] extensions: name=VK_EXT_image_2d_view_of_3d [enabled=0, external=0]
[Vulkan init] extensions: name=VK_EXT_image_drm_format_modifier [enabled=0, external=0]
[Vulkan init] extensions: name=VK_EXT_image_robustness [enabled=0, external=0]
[Vulkan init] extensions: name=VK_EXT_image_sliced_view_of_3d [enabled=0, external=0]
[Vulkan init] extensions: name=VK_EXT_image_view_min_lod [enabled=0, external=0]
[Vulkan init] extensions: name=VK_EXT_index_type_uint8 [enabled=0, external=0]
[Vulkan init] extensions: name=VK_EXT_inline_uniform_block [enabled=0, external=0]
[Vulkan init] extensions: name=VK_EXT_line_rasterization [enabled=0, external=0]
[Vulkan init] extensions: name=VK_EXT_load_store_op_none [enabled=1, external=0]
[Vulkan init] extensions: name=VK_EXT_map_memory_placed [enabled=0, external=0]
[Vulkan init] extensions: name=VK_EXT_memory_budget [enabled=1, external=0]
[Vulkan init] extensions: name=VK_EXT_memory_priority [enabled=1, external=0]
[Vulkan init] extensions: name=VK_EXT_mesh_shader [enabled=0, external=0]
[Vulkan init] extensions: name=VK_EXT_multi_draw [enabled=0, external=0]
[Vulkan init] extensions: name=VK_EXT_mutable_descriptor_type [enabled=0, external=0]
[Vulkan init] extensions: name=VK_EXT_nested_command_buffer [enabled=0, external=0]
[Vulkan init] extensions: name=VK_EXT_non_seamless_cube_map [enabled=0, external=0]
[Vulkan init] extensions: name=VK_EXT_opacity_micromap [enabled=0, external=0]
[Vulkan init] extensions: name=VK_EXT_pageable_device_local_memory [enabled=0, external=0]
[Vulkan init] extensions: name=VK_EXT_pci_bus_info [enabled=0, external=0]
[Vulkan init] extensions: name=VK_EXT_physical_device_drm [enabled=0, external=0]
[Vulkan init] extensions: name=VK_EXT_pipeline_creation_cache_control [enabled=0, external=0]
[Vulkan init] extensions: name=VK_EXT_pipeline_creation_feedback [enabled=0, external=0]
[Vulkan init] extensions: name=VK_EXT_pipeline_library_group_handles [enabled=0, external=0]
[Vulkan init] extensions: name=VK_EXT_pipeline_robustness [enabled=0, external=0]
[Vulkan init] extensions: name=VK_EXT_post_depth_coverage [enabled=0, external=0]
[Vulkan init] extensions: name=VK_EXT_primitive_topology_list_restart [enabled=0, external=0]
[Vulkan init] extensions: name=VK_EXT_primitives_generated_query [enabled=0, external=0]
[Vulkan init] extensions: name=VK_EXT_private_data [enabled=0, external=0]
[Vulkan init] extensions: name=VK_EXT_provoking_vertex [enabled=0, external=0]
[Vulkan init] extensions: name=VK_EXT_queue_family_foreign [enabled=1, external=0]
[Vulkan init] extensions: name=VK_EXT_robustness2 [enabled=0, external=0]
[Vulkan init] extensions: name=VK_EXT_sample_locations [enabled=0, external=0]
[Vulkan init] extensions: name=VK_EXT_sampler_filter_minmax [enabled=0, external=0]
[Vulkan init] extensions: name=VK_EXT_scalar_block_layout [enabled=1, external=0]
[Vulkan init] extensions: name=VK_EXT_separate_stencil_usage [enabled=0, external=0]
[Vulkan init] extensions: name=VK_EXT_shader_atomic_float [enabled=0, external=0]
[Vulkan init] extensions: name=VK_EXT_shader_demote_to_helper_invocation [enabled=0, external=0]
[Vulkan init] extensions: name=VK_EXT_shader_image_atomic_int64 [enabled=0, external=0]
[Vulkan init] extensions: name=VK_EXT_shader_module_identifier [enabled=0, external=0]
[Vulkan init] extensions: name=VK_EXT_shader_object [enabled=0, external=0]
[Vulkan init] extensions: name=VK_EXT_shader_subgroup_ballot [enabled=0, external=0]
[Vulkan init] extensions: name=VK_EXT_shader_subgroup_vote [enabled=0, external=0]
[Vulkan init] extensions: name=VK_EXT_shader_viewport_index_layer [enabled=1, external=0]
[Vulkan init] extensions: name=VK_EXT_subgroup_size_control [enabled=0, external=0]
[Vulkan init] extensions: name=VK_EXT_swapchain_maintenance1 [enabled=0, external=0]
[Vulkan init] extensions: name=VK_EXT_texel_buffer_alignment [enabled=0, external=0]
[Vulkan init] extensions: name=VK_EXT_tooling_info [enabled=0, external=0]
[Vulkan init] extensions: name=VK_EXT_transform_feedback [enabled=0, external=0]
[Vulkan init] extensions: name=VK_EXT_vertex_attribute_divisor [enabled=0, external=0]
[Vulkan init] extensions: name=VK_EXT_vertex_input_dynamic_state [enabled=0, external=0]
[Vulkan init] extensions: name=VK_EXT_ycbcr_2plane_444_formats [enabled=0, external=0]
[Vulkan init] extensions: name=VK_EXT_ycbcr_image_arrays [enabled=0, external=0]
[Vulkan init] extensions: name=VK_KHR_16bit_storage [enabled=1, external=0]
[Vulkan init] extensions: name=VK_KHR_8bit_storage [enabled=0, external=0]
[Vulkan init] extensions: name=VK_KHR_acceleration_structure [enabled=0, external=0]
[Vulkan init] extensions: name=VK_KHR_bind_memory2 [enabled=1, external=0]
[Vulkan init] extensions: name=VK_KHR_buffer_device_address [enabled=0, external=0]
[Vulkan init] extensions: name=VK_KHR_calibrated_timestamps [enabled=0, external=0]
[Vulkan init] extensions: name=VK_KHR_cooperative_matrix [enabled=0, external=0]
[Vulkan init] extensions: name=VK_KHR_copy_commands2 [enabled=0, external=0]
[Vulkan init] extensions: name=VK_KHR_create_renderpass2 [enabled=1, external=0]
[Vulkan init] extensions: name=VK_KHR_dedicated_allocation [enabled=1, external=0]
[Vulkan init] extensions: name=VK_KHR_deferred_host_operations [enabled=0, external=0]
[Vulkan init] extensions: name=VK_KHR_depth_stencil_resolve [enabled=1, external=0]
[Vulkan init] extensions: name=VK_KHR_descriptor_update_template [enabled=1, external=0]
[Vulkan init] extensions: name=VK_KHR_device_group [enabled=0, external=0]
[Vulkan init] extensions: name=VK_KHR_draw_indirect_count [enabled=0, external=0]
[Vulkan init] extensions: name=VK_KHR_driver_properties [enabled=1, external=0]
[Vulkan init] extensions: name=VK_KHR_dynamic_rendering [enabled=0, external=0]
[Vulkan init] extensions: name=VK_KHR_dynamic_rendering_local_read [enabled=0, external=0]
[Vulkan init] extensions: name=VK_KHR_external_fence [enabled=1, external=0]
[Vulkan init] extensions: name=VK_KHR_external_fence_fd [enabled=1, external=0]
[Vulkan init] extensions: name=VK_KHR_external_memory [enabled=1, external=0]
[Vulkan init] extensions: name=VK_KHR_external_memory_fd [enabled=1, external=0]
[Vulkan init] extensions: name=VK_KHR_external_semaphore [enabled=1, external=0]
[Vulkan init] extensions: name=VK_KHR_external_semaphore_fd [enabled=1, external=0]
[Vulkan init] extensions: name=VK_KHR_format_feature_flags2 [enabled=0, external=0]
[Vulkan init] extensions: name=VK_KHR_fragment_shader_barycentric [enabled=0, external=0]
[Vulkan init] extensions: name=VK_KHR_fragment_shading_rate [enabled=1, external=0]
[Vulkan init] extensions: name=VK_KHR_get_memory_requirements2 [enabled=1, external=0]
[Vulkan init] extensions: name=VK_KHR_global_priority [enabled=0, external=0]
[Vulkan init] extensions: name=VK_KHR_image_format_list [enabled=1, external=0]
[Vulkan init] extensions: name=VK_KHR_imageless_framebuffer [enabled=0, external=0]
[Vulkan init] extensions: name=VK_KHR_index_type_uint8 [enabled=0, external=0]
[Vulkan init] extensions: name=VK_KHR_line_rasterization [enabled=0, external=0]
[Vulkan init] extensions: name=VK_KHR_load_store_op_none [enabled=0, external=0]
[Vulkan init] extensions: name=VK_KHR_maintenance1 [enabled=1, external=0]
[Vulkan init] extensions: name=VK_KHR_maintenance2 [enabled=1, external=0]
[Vulkan init] extensions: name=VK_KHR_maintenance3 [enabled=0, external=0]
[Vulkan init] extensions: name=VK_KHR_maintenance4 [enabled=0, external=0]
[Vulkan init] extensions: name=VK_KHR_maintenance5 [enabled=0, external=0]
[Vulkan init] extensions: name=VK_KHR_maintenance6 [enabled=0, external=0]
[Vulkan init] extensions: name=VK_KHR_map_memory2 [enabled=0, external=0]
[Vulkan init] extensions: name=VK_KHR_multiview [enabled=1, external=0]
[Vulkan init] extensions: name=VK_KHR_pipeline_executable_properties [enabled=0, external=0]
[Vulkan init] extensions: name=VK_KHR_pipeline_library [enabled=0, external=0]
[Vulkan init] extensions: name=VK_KHR_present_id [enabled=1, external=0]
[Vulkan init] extensions: name=VK_KHR_present_wait [enabled=1, external=0]
[Vulkan init] extensions: name=VK_KHR_push_descriptor [enabled=0, external=0]
[Vulkan init] extensions: name=VK_KHR_ray_query [enabled=0, external=0]
[Vulkan init] extensions: name=VK_KHR_ray_tracing_maintenance1 [enabled=0, external=0]
[Vulkan init] extensions: name=VK_KHR_ray_tracing_pipeline [enabled=0, external=0]
[Vulkan init] extensions: name=VK_KHR_ray_tracing_position_fetch [enabled=0, external=0]
[Vulkan init] extensions: name=VK_KHR_relaxed_block_layout [enabled=0, external=0]
[Vulkan init] extensions: name=VK_KHR_sampler_mirror_clamp_to_edge [enabled=1, external=0]
[Vulkan init] extensions: name=VK_KHR_sampler_ycbcr_conversion [enabled=1, external=0]
[Vulkan init] extensions: name=VK_KHR_separate_depth_stencil_layouts [enabled=0, external=0]
[Vulkan init] extensions: name=VK_KHR_shader_atomic_int64 [enabled=1, external=0]
[Vulkan init] extensions: name=VK_KHR_shader_clock [enabled=0, external=0]
[Vulkan init] extensions: name=VK_KHR_shader_draw_parameters [enabled=0, external=0]
[Vulkan init] extensions: name=VK_KHR_shader_expect_assume [enabled=0, external=0]
[Vulkan init] extensions: name=VK_KHR_shader_float16_int8 [enabled=1, external=0]
[Vulkan init] extensions: name=VK_KHR_shader_float_controls [enabled=0, external=0]
[Vulkan init] extensions: name=VK_KHR_shader_float_controls2 [enabled=0, external=0]
[Vulkan init] extensions: name=VK_KHR_shader_integer_dot_product [enabled=0, external=0]
[Vulkan init] extensions: name=VK_KHR_shader_maximal_reconvergence [enabled=0, external=0]
[Vulkan init] extensions: name=VK_KHR_shader_non_semantic_info [enabled=1, external=0]
[Vulkan init] extensions: name=VK_KHR_shader_quad_control [enabled=0, external=0]
[Vulkan init] extensions: name=VK_KHR_shader_subgroup_extended_types [enabled=0, external=0]
[Vulkan init] extensions: name=VK_KHR_shader_subgroup_rotate [enabled=0, external=0]
[Vulkan init] extensions: name=VK_KHR_shader_subgroup_uniform_control_flow [enabled=0, external=0]
[Vulkan init] extensions: name=VK_KHR_shader_terminate_invocation [enabled=0, external=0]
[Vulkan init] extensions: name=VK_KHR_shared_presentable_image [enabled=0, external=0]
[Vulkan init] extensions: name=VK_KHR_spirv_1_4 [enabled=0, external=0]
[Vulkan init] extensions: name=VK_KHR_storage_buffer_storage_class [enabled=1, external=0]
[Vulkan init] extensions: name=VK_KHR_swapchain [enabled=1, external=0]
[Vulkan init] extensions: name=VK_KHR_swapchain_mutable_format [enabled=1, external=0]
[Vulkan init] extensions: name=VK_KHR_synchronization2 [enabled=0, external=0]
[Vulkan init] extensions: name=VK_KHR_timeline_semaphore [enabled=0, external=0]
[Vulkan init] extensions: name=VK_KHR_uniform_buffer_standard_layout [enabled=0, external=0]
[Vulkan init] extensions: name=VK_KHR_variable_pointers [enabled=0, external=0]
[Vulkan init] extensions: name=VK_KHR_vertex_attribute_divisor [enabled=0, external=0]
[Vulkan init] extensions: name=VK_KHR_video_decode_av1 [enabled=0, external=0]
[Vulkan init] extensions: name=VK_KHR_video_decode_h264 [enabled=0, external=0]
[Vulkan init] extensions: name=VK_KHR_video_decode_h265 [enabled=0, external=0]
[Vulkan init] extensions: name=VK_KHR_video_decode_queue [enabled=0, external=0]
[Vulkan init] extensions: name=VK_KHR_video_encode_h264 [enabled=0, external=0]
[Vulkan init] extensions: name=VK_KHR_video_encode_h265 [enabled=0, external=0]
[Vulkan init] extensions: name=VK_KHR_video_encode_queue [enabled=0, external=0]
[Vulkan init] extensions: name=VK_KHR_video_maintenance1 [enabled=0, external=0]
[Vulkan init] extensions: name=VK_KHR_video_queue [enabled=0, external=0]
[Vulkan init] extensions: name=VK_KHR_vulkan_memory_model [enabled=0, external=0]
[Vulkan init] extensions: name=VK_KHR_workgroup_memory_explicit_layout [enabled=0, external=0]
[Vulkan init] extensions: name=VK_KHR_zero_initialize_workgroup_memory [enabled=0, external=0]
[Vulkan init] extensions: name=VK_NVX_binary_import [enabled=0, external=0]
[Vulkan init] extensions: name=VK_NVX_image_view_handle [enabled=0, external=0]
[Vulkan init] extensions: name=VK_NVX_multiview_per_view_attributes [enabled=0, external=0]
[Vulkan init] extensions: name=VK_NV_clip_space_w_scaling [enabled=0, external=0]
[Vulkan init] extensions: name=VK_NV_compute_shader_derivatives [enabled=0, external=0]
[Vulkan init] extensions: name=VK_NV_cooperative_matrix [enabled=0, external=0]
[Vulkan init] extensions: name=VK_NV_copy_memory_indirect [enabled=0, external=0]
[Vulkan init] extensions: name=VK_NV_corner_sampled_image [enabled=0, external=0]
[Vulkan init] extensions: name=VK_NV_coverage_reduction_mode [enabled=0, external=0]
[Vulkan init] extensions: name=VK_NV_cuda_kernel_launch [enabled=0, external=0]
[Vulkan init] extensions: name=VK_NV_dedicated_allocation [enabled=0, external=0]
[Vulkan init] extensions: name=VK_NV_dedicated_allocation_image_aliasing [enabled=0, external=0]
[Vulkan init] extensions: name=VK_NV_descriptor_pool_overallocation [enabled=0, external=0]
[Vulkan init] extensions: name=VK_NV_device_diagnostic_checkpoints [enabled=0, external=0]
[Vulkan init] extensions: name=VK_NV_device_diagnostics_config [enabled=0, external=0]
[Vulkan init] extensions: name=VK_NV_device_generated_commands [enabled=0, external=0]
[Vulkan init] extensions: name=VK_NV_device_generated_commands_compute [enabled=0, external=0]
[Vulkan init] extensions: name=VK_NV_fill_rectangle [enabled=0, external=0]
[Vulkan init] extensions: name=VK_NV_fragment_coverage_to_color [enabled=0, external=0]
[Vulkan init] extensions: name=VK_NV_fragment_shader_barycentric [enabled=0, external=0]
[Vulkan init] extensions: name=VK_NV_fragment_shading_rate_enums [enabled=0, external=0]
[Vulkan init] extensions: name=VK_NV_framebuffer_mixed_samples [enabled=0, external=0]
[Vulkan init] extensions: name=VK_NV_geometry_shader_passthrough [enabled=0, external=0]
[Vulkan init] extensions: name=VK_NV_inherited_viewport_scissor [enabled=0, external=0]
[Vulkan init] extensions: name=VK_NV_linear_color_attachment [enabled=0, external=0]
[Vulkan init] extensions: name=VK_NV_low_latency [enabled=0, external=0]
[Vulkan init] extensions: name=VK_NV_low_latency2 [enabled=0, external=0]
[Vulkan init] extensions: name=VK_NV_memory_decompression [enabled=0, external=0]
[Vulkan init] extensions: name=VK_NV_mesh_shader [enabled=0, external=0]
[Vulkan init] extensions: name=VK_NV_optical_flow [enabled=0, external=0]
[Vulkan init] extensions: name=VK_NV_raw_access_chains [enabled=0, external=0]
[Vulkan init] extensions: name=VK_NV_ray_tracing [enabled=0, external=0]
[Vulkan init] extensions: name=VK_NV_ray_tracing_invocation_reorder [enabled=0, external=0]
[Vulkan init] extensions: name=VK_NV_ray_tracing_motion_blur [enabled=0, external=0]
[Vulkan init] extensions: name=VK_NV_representative_fragment_test [enabled=0, external=0]
[Vulkan init] extensions: name=VK_NV_sample_mask_override_coverage [enabled=0, external=0]
[Vulkan init] extensions: name=VK_NV_scissor_exclusive [enabled=0, external=0]
[Vulkan init] extensions: name=VK_NV_shader_atomic_float16_vector [enabled=0, external=0]
[Vulkan init] extensions: name=VK_NV_shader_image_footprint [enabled=0, external=0]
[Vulkan init] extensions: name=VK_NV_shader_sm_builtins [enabled=0, external=0]
[Vulkan init] extensions: name=VK_NV_shader_subgroup_partitioned [enabled=0, external=0]
[Vulkan init] extensions: name=VK_NV_shading_rate_image [enabled=0, external=0]
[Vulkan init] extensions: name=VK_NV_viewport_array2 [enabled=0, external=0]
[Vulkan init] extensions: name=VK_NV_viewport_swizzle [enabled=0, external=0]
Fossilize INFO: Overriding serialization path: "/home/jm/.local/share/Steam/steamapps/shadercache/1621690/fozpipelinesv6/steamapprun_pipeline_cache".
Vulkan API version 1.1.0 (1.3.278 supported by driver, 1.1.0 requested)
Vulkan vendor=[NVIDIA] id=[10de]
Vulkan renderer=[NVIDIA GeForce RTX 3080] id=[2216]
Vulkan device type 2
Vulkan driverversion=[0x8ace8000] uint=[-1966178304]
Vulkan PSO: cache data not found [path=/tmp/Pugstorm/Core Keeper/vulkan_pso_cache.bin]
Begin MonoManager ReloadAssembly
- Loaded All Assemblies, in  0.094 seconds
- Finished resetting the current domain, in  0.001 seconds
Fallback handler could not load library /home/jm/.local/share/Steam/steamapps/common/Core Keeper/CoreKeeper_Data/MonoBleedingEdge/x86_64/sentry
Fallback handler could not load library /home/jm/.local/share/Steam/steamapps/common/Core Keeper/CoreKeeper_Data/MonoBleedingEdge/x86_64/libsentry.so
Fallback handler could not load library /home/jm/.local/share/Steam/steamapps/common/Core Keeper/CoreKeeper_Data/MonoBleedingEdge/x86_64/libsentry.so
Fallback handler could not load library /home/jm/.local/share/Steam/steamapps/common/Core Keeper/CoreKeeper_Data/MonoBleedingEdge/x86_64/sentry
Fallback handler could not load library /home/jm/.local/share/Steam/steamapps/common/Core Keeper/CoreKeeper_Data/MonoBleedingEdge/x86_64/libsentry
Fallback handler could not load library /home/jm/.local/share/Steam/steamapps/common/Core Keeper/CoreKeeper_Data/MonoBleedingEdge/x86_64/libsentry.so
Fallback handler could not load library /home/jm/.local/share/Steam/steamapps/common/Core Keeper/CoreKeeper_Data/MonoBleedingEdge/x86_64/libsentry.so
Fallback handler could not load library /home/jm/.local/share/Steam/steamapps/common/Core Keeper/CoreKeeper_Data/MonoBleedingEdge/x86_64/libsentry
Fallback handler could not load library /home/jm/.local/share/Steam/steamapps/common/Core Keeper/CoreKeeper_Data/MonoBleedingEdge/x86_64/sentry
Fallback handler could not load library /home/jm/.local/share/Steam/steamapps/common/Core Keeper/CoreKeeper_Data/MonoBleedingEdge/x86_64/libsentry.so
Fallback handler could not load library /home/jm/.local/share/Steam/steamapps/common/Core Keeper/CoreKeeper_Data/MonoBleedingEdge/x86_64/libsentry.so
Fallback handler could not load library /home/jm/.local/share/Steam/steamapps/common/Core Keeper/CoreKeeper_Data/MonoBleedingEdge/x86_64/sentry
Fallback handler could not load library /home/jm/.local/share/Steam/steamapps/common/Core Keeper/CoreKeeper_Data/MonoBleedingEdge/x86_64/libsentry
Fallback handler could not load library /home/jm/.local/share/Steam/steamapps/common/Core Keeper/CoreKeeper_Data/MonoBleedingEdge/x86_64/libsentry.so
Fallback handler could not load library /home/jm/.local/share/Steam/steamapps/common/Core Keeper/CoreKeeper_Data/MonoBleedingEdge/x86_64/libsentry.so
Fallback handler could not load library /home/jm/.local/share/Steam/steamapps/common/Core Keeper/CoreKeeper_Data/MonoBleedingEdge/x86_64/libsentry
Fallback handler could not load library /home/jm/.local/share/Steam/steamapps/common/Core Keeper/CoreKeeper_Data/MonoBleedingEdge/x86_64/data-0x15854420.so
Fallback handler could not load library /home/jm/.local/share/Steam/steamapps/common/Core Keeper/CoreKeeper_Data/MonoBleedingEdge/x86_64/data-0x159e86c0.so
Initializing Steamworks with AppID 1621690
[S_API] SteamAPI_Init(): Loaded '/home/jm/.local/share/Steam/linux64/steamclient.so' OK.
Setting breakpad minidump AppID = 1621690
SteamInternal_SetMinidumpSteamID:  Caching Steam ID:  76561198032524950 [API loaded no]
Steam API initialized branch=
clear list of unsupported mods that is loaded anyway due to version change  -> 0.7.5
no mod.io mods loaded User not authenticated. (code: 20100)
requesting resize 1920 x 1080
Using native desktop resolution 1920 x 1080
requesting fullscreen 1920 x 1080 at 0/1 Hz
Desktop is 1920 x 1080 @ 60 Hz
InitializeOrResetSwapChain 1920x1080 hdr=0 samples=1
SpriteInstancingAtlas: Packing completed in 9 iterations (1.205 seconds) fits=True.
UnloadTime: 0.929500 ms
Ignoring invalid [Unity.Entities.UpdateAfterAttribute] attribute on Unity.NetCode.GhostSimulationSystemGroup targeting Unity.NetCode.NetworkReceiveSystemGroup.
This attribute can only order systems that are members of the same ComponentSystemGroup instance.
Make sure that both systems are in the same system group with [UpdateInGroup(typeof(Unity.Entities.SimulationSystemGroup))],
or by manually adding both systems to the same group's update list.
Checking system requirements: PASS
Skipping automatic Manager prelaunch because this should be done manually in the Loading scene.
Ignoring invalid [Unity.Entities.UpdateAfterAttribute] attribute on Unity.NetCode.GhostSimulationSystemGroup targeting Unity.NetCode.NetworkReceiveSystemGroup.
This attribute can only order systems that are members of the same ComponentSystemGroup instance.
Make sure that both systems are in the same system group with [UpdateInGroup(typeof(Unity.Entities.SimulationSystemGroup))],
or by manually adding both systems to the same group's update list.
Ignoring invalid [Unity.Entities.UpdateAfterAttribute] attribute on Unity.Entities.CompanionGameObjectUpdateTransformSystem targeting Unity.Transforms.TransformSystemGroup.
This attribute can only order systems that are members of the same ComponentSystemGroup instance.
Make sure that both systems are in the same system group with [UpdateInGroup(typeof(Unity.Entities.SimulationSystemGroup))],
or by manually adding both systems to the same group's update list.
Ignoring invalid [Unity.Entities.UpdateAfterAttribute] attribute on Unity.Physics.Authoring.PhysicsDebugDisplaySystem_Default targeting Unity.Physics.Systems.PhysicsSystemGroup.
This attribute can only order systems that are members of the same ComponentSystemGroup instance.
Make sure that both systems are in the same system group with [UpdateInGroup(typeof(Unity.Entities.FixedStepSimulationSystemGroup))],
or by manually adding both systems to the same group's update list.
Core count is 24
Job worker count is 23
couldn't initialize discord SDK: Ok InternalError
CloudSyncDown
localExists=False localTimestamp=01/01/0001 00:00:00 cloudTimestamp=01/26/2024 01:25:28
localExists=False localTimestamp=01/01/0001 00:00:00 cloudTimestamp=01/25/2024 23:55:29
localExists=False localTimestamp=01/01/0001 00:00:00 cloudTimestamp=01/26/2024 01:25:23
localExists=False localTimestamp=01/01/0001 00:00:00 cloudTimestamp=06/20/2022 21:13:05
localExists=False localTimestamp=01/01/0001 00:00:00 cloudTimestamp=01/26/2024 01:25:23
localExists=False localTimestamp=01/01/0001 00:00:00 cloudTimestamp=01/26/2024 01:25:23
localExists=False localTimestamp=01/01/0001 00:00:00 cloudTimestamp=01/26/2024 01:25:23
Discarding 0.000MB buffer for file AdminList
Discarding 0.009MB buffer for file MapParts
Discarding 0.012MB buffer for file MapParts
Discarding 0.000MB buffer for file PlayerBanList
Discarding 0.011MB buffer for file Save
Discarding 0.000MB buffer for file WorldInfo
Discarding 0.178MB buffer for file WorldSave
Version: 0.7.5.2-3339
Discarding 0.001MB buffer for file Preferences
Discarding 0.000MB buffer for file ServerPreferences
Discarding 0.001MB buffer for file Preferences
Discarding 0.000MB buffer for file ServerPreferences
Discarding 0.001MB buffer for file Preferences
Discarding 0.000MB buffer for file ServerPreferences
Discarding 0.001MB buffer for file Preferences
Discarding 0.000MB buffer for file ServerPreferences
Discarding 0.001MB buffer for file Preferences
Discarding 0.000MB buffer for file ServerPreferences
Discarding 0.001MB buffer for file Preferences
Discarding 0.000MB buffer for file ServerPreferences
Discarding 0.001MB buffer for file Preferences
Discarding 0.000MB buffer for file ServerPreferences
Discarding 0.001MB buffer for file Preferences
Discarding 0.000MB buffer for file ServerPreferences
Discarding 0.001MB buffer for file Preferences
Discarding 0.000MB buffer for file ServerPreferences
Discarding 0.001MB buffer for file Preferences
Discarding 0.000MB buffer for file ServerPreferences
Discarding 0.001MB buffer for file Preferences
Discarding 0.000MB buffer for file ServerPreferences
Discarding 0.001MB buffer for file Preferences
Discarding 0.000MB buffer for file ServerPreferences
Discarding 0.001MB buffer for file Preferences
Discarding 0.000MB buffer for file ServerPreferences
Discarding 0.001MB buffer for file Preferences
Discarding 0.000MB buffer for file ServerPreferences
Discarding 0.001MB buffer for file Preferences
Discarding 0.000MB buffer for file ServerPreferences
Discarding 0.001MB buffer for file Preferences
Discarding 0.000MB buffer for file ServerPreferences
Discarding 0.001MB buffer for file Preferences
Discarding 0.000MB buffer for file ServerPreferences
Discarding 0.001MB buffer for file Preferences
Discarding 0.000MB buffer for file ServerPreferences
Discarding 0.001MB buffer for file Preferences
Discarding 0.000MB buffer for file ServerPreferences
Added memory pools for 497 prefabs from PooledGraphicalObjectBank
Added memory pools for 30 prefabs from PooledParticleSystemBank
using color lookup at /home/jm/.local/share/Steam/steamapps/common/Core Keeper/CoreKeeper_Data/StreamingAssets/Textures/ColorGrading.png
Skipping faction mod /home/jm/.local/share/Steam/steamapps/common/Core Keeper/CoreKeeper_Data/StreamingAssets/Conf/Factions/None.json with faction None (0)
Skipping loot mod /home/jm/.local/share/Steam/steamapps/common/Core Keeper/CoreKeeper_Data/StreamingAssets/Conf/Loot/Empty.json for loot table Empty (0)
Discarding 0.001MB buffer for file Preferences
Discarding 0.000MB buffer for file ServerPreferences
Found 285 converter(s)
Added post converter RotationPostConverter
Added post converter ModPostConverter
Added post converter PugConversion.GhostPostConverter
PugDatabase initialized 2123 prefabs
requesting resize 1920 x 1080
Using native desktop resolution 1920 x 1080
requesting fullscreen 1920 x 1080 at 0/1 Hz
Desktop is 1920 x 1080 @ 60 Hz
InitializeOrResetSwapChain 1920x1080 hdr=0 samples=1
Changing real window size to 2560 x 1440
InitializeOrResetSwapChain 2560x1440 hdr=0 samples=1
Desktop is 1920 x 1080 @ 60 Hz
Steam stats received
Steam stats received
WaterSim.LazyInitialize: created the surface texture.
WaterSim.LazyInitialize: created the state texture.
WaterSim.LazyInitialize: created the previous state texture.
The referenced script on this Behaviour (Game Object '<null>') is missing!
got language code en
Setting language to English from English
Unloading 5 Unused Serialized files (Serialized files now loaded: 16)
UnloadTime: 5.601484 ms
Unloading 8244 unused Assets to reduce memory usage. Loaded Objects now: 641009.
Total: 101.878089 ms (FindLiveObjects: 39.969823 ms CreateObjectMapping: 11.071186 ms MarkObjects: 47.127048 ms  DeleteObjects: 3.709482 ms)

Unloading 1 Unused Serialized files (Serialized files now loaded: 16)
Unloading 0 unused Assets to reduce memory usage. Loaded Objects now: 641009.
Total: 98.526097 ms (FindLiveObjects: 41.528144 ms CreateObjectMapping: 10.501216 ms MarkObjects: 46.033887 ms  DeleteObjects: 0.462250 ms)

Got quit request
waiting for ModIO shutdown
Exit blocked by ModManager
Quit blocked
[mod.io] You attempted to use a method but the plugin hasn't been initialized yet. Be sure to use ModIOUnity.InitializeForUser to initialize the plugin before attempting this method again (Or ModIOUnityAsync.InitializeForUser).
Got quit request
Running quit handlers
Discarding 0.000MB buffer for file PlayerBanList
Discarding 0.000MB buffer for file AdminList
CloudSyncUp
Setting up 6 worker threads for Enlighten.
PlatformManager was destroyed
Vulkan PSO: data extracted [new size=896211, old size=0, incomplete=0]
Vulkan PSO: Saved size[896211] path[/tmp/Pugstorm/Core Keeper/vulkan_pso_cache.bin] success=1 headerChanged=1 sizeChanged=1
Memory Statistics:
[ALLOC_TEMP_TLS] TLS Allocator
  StackAllocators : 
    [ALLOC_TEMP_MAIN]
      Peak usage frame count: [8.0 KB-16.0 KB]: 2222 frames, [64.0 KB-128.0 KB]: 2 frames, [0.5 MB-1.0 MB]: 1 frames, [1.0 MB-2.0 MB]: 10 frames, [2.0 MB-4.0 MB]: 2 frames, [4.0 MB-8.0 MB]: 1 frames, [32.0 MB-64.0 MB]: 1 frames
      Initial Block Size 128.0 MB
      Current Block Size 128.0 MB
      Peak Allocated Bytes 61.0 MB
      Overflow Count 20
    [ALLOC_TEMP_Background Job.worker 4]
      Initial Block Size 32.0 KB
      Current Block Size 36.0 KB
      Peak Allocated Bytes 32.0 KB
      Overflow Count 0
    [ALLOC_TEMP_Loading.PreloadManager]
      Initial Block Size 256.0 KB
      Current Block Size 0.5 MB
      Peak Allocated Bytes 511.9 KB
      Overflow Count 15215
    [ALLOC_TEMP_Background Job.worker 3]
      Initial Block Size 32.0 KB
      Current Block Size 36.0 KB
      Peak Allocated Bytes 32.0 KB
      Overflow Count 0
    [ALLOC_TEMP_Background Job.worker 11]
      Initial Block Size 32.0 KB
      Current Block Size 36.0 KB
      Peak Allocated Bytes 32.0 KB
      Overflow Count 0
    [ALLOC_TEMP_Job.worker 16]
      Initial Block Size 256.0 KB
      Current Block Size 256.0 KB
      Peak Allocated Bytes 18.6 KB
      Overflow Count 0
    [ALLOC_TEMP_Background Job.worker 7]
      Initial Block Size 32.0 KB
      Current Block Size 48.0 KB
      Peak Allocated Bytes 44.5 KB
      Overflow Count 0
    [ALLOC_TEMP_Background Job.worker 6]
      Initial Block Size 32.0 KB
      Current Block Size 36.0 KB
      Peak Allocated Bytes 32.0 KB
      Overflow Count 0
    [ALLOC_TEMP_Job.worker 19]
      Initial Block Size 256.0 KB
      Current Block Size 256.0 KB
      Peak Allocated Bytes 18.6 KB
      Overflow Count 0
    [ALLOC_TEMP_Background Job.worker 12]
      Initial Block Size 32.0 KB
      Current Block Size 36.0 KB
      Peak Allocated Bytes 32.0 KB
      Overflow Count 0
    [ALLOC_TEMP_Background Job.worker 10]
      Initial Block Size 32.0 KB
      Current Block Size 36.0 KB
      Peak Allocated Bytes 32.0 KB
      Overflow Count 0
    [ALLOC_TEMP_Background Job.worker 2]
      Initial Block Size 32.0 KB
      Current Block Size 36.0 KB
      Peak Allocated Bytes 32.0 KB
      Overflow Count 0
    [ALLOC_TEMP_Background Job.worker 15]
      Initial Block Size 32.0 KB
      Current Block Size 32.0 KB
      Peak Allocated Bytes 0 B
      Overflow Count 0
    [ALLOC_TEMP_Job.worker 20]
      Initial Block Size 256.0 KB
      Current Block Size 256.0 KB
      Peak Allocated Bytes 18.6 KB
      Overflow Count 0
    [ALLOC_TEMP_Job.worker 5]
      Initial Block Size 256.0 KB
      Current Block Size 256.0 KB
      Peak Allocated Bytes 18.6 KB
      Overflow Count 0
    [ALLOC_TEMP_Background Job.worker 8]
      Initial Block Size 32.0 KB
      Current Block Size 36.0 KB
      Peak Allocated Bytes 32.0 KB
      Overflow Count 0
    [ALLOC_TEMP_Background Job.worker 13]
      Initial Block Size 32.0 KB
      Current Block Size 36.0 KB
      Peak Allocated Bytes 32.0 KB
      Overflow Count 0
    [ALLOC_TEMP_AssetGarbageCollectorHelper] x 23
      Initial Block Size 64.0 KB
      Current Block Size 64.0 KB
      Peak Allocated Bytes 0 B
      Overflow Count 0
    [ALLOC_TEMP_Background Job.worker 0]
      Initial Block Size 32.0 KB
      Current Block Size 36.0 KB
      Peak Allocated Bytes 32.0 KB
      Overflow Count 0
    [ALLOC_TEMP_Job.worker 6]
      Initial Block Size 256.0 KB
      Current Block Size 256.0 KB
      Peak Allocated Bytes 18.6 KB
      Overflow Count 0
    [ALLOC_TEMP_Job.worker 8]
      Initial Block Size 256.0 KB
      Current Block Size 256.0 KB
      Peak Allocated Bytes 18.6 KB
      Overflow Count 0
    [ALLOC_TEMP_Background Job.worker 14]
      Initial Block Size 32.0 KB
      Current Block Size 36.0 KB
      Peak Allocated Bytes 32.0 KB
      Overflow Count 0
    [ALLOC_TEMP_BatchDeleteObjects]
      Initial Block Size 64.0 KB
      Current Block Size 64.0 KB
      Peak Allocated Bytes 0 B
      Overflow Count 0
    [ALLOC_TEMP_Vulkan Submission Thread]
      Initial Block Size 64.0 KB
      Current Block Size 64.0 KB
      Peak Allocated Bytes 2.4 KB
      Overflow Count 0
    [ALLOC_TEMP_Job.worker 11]
      Initial Block Size 256.0 KB
      Current Block Size 256.0 KB
      Peak Allocated Bytes 18.6 KB
      Overflow Count 0
    [ALLOC_TEMP_Job.worker 15]
      Initial Block Size 256.0 KB
      Current Block Size 256.0 KB
      Peak Allocated Bytes 18.6 KB
      Overflow Count 0
    [ALLOC_TEMP_Background Job.worker 9]
      Initial Block Size 32.0 KB
      Current Block Size 36.0 KB
      Peak Allocated Bytes 32.0 KB
      Overflow Count 0
    [ALLOC_TEMP_Job.worker 0]
      Initial Block Size 256.0 KB
      Current Block Size 256.0 KB
      Peak Allocated Bytes 18.6 KB
      Overflow Count 0
    [ALLOC_TEMP_Job.worker 4]
      Initial Block Size 256.0 KB
      Current Block Size 256.0 KB
      Peak Allocated Bytes 18.6 KB
      Overflow Count 0
    [ALLOC_TEMP_Job.worker 14]
      Initial Block Size 256.0 KB
      Current Block Size 256.0 KB
      Peak Allocated Bytes 18.6 KB
      Overflow Count 0
    [ALLOC_TEMP_Job.worker 13]
      Initial Block Size 256.0 KB
      Current Block Size 256.0 KB
      Peak Allocated Bytes 18.6 KB
      Overflow Count 0
    [ALLOC_TEMP_Background Job.worker 1]
      Initial Block Size 32.0 KB
      Current Block Size 36.0 KB
      Peak Allocated Bytes 32.0 KB
      Overflow Count 0
    [ALLOC_TEMP_EnlightenWorker] x 6
      Initial Block Size 64.0 KB
      Current Block Size 64.0 KB
      Peak Allocated Bytes 0 B
      Overflow Count 0
    [ALLOC_TEMP_Job.worker 1]
      Initial Block Size 256.0 KB
      Current Block Size 256.0 KB
      Peak Allocated Bytes 18.6 KB
      Overflow Count 0
    [ALLOC_TEMP_Job.worker 21]
      Initial Block Size 256.0 KB
      Current Block Size 256.0 KB
      Peak Allocated Bytes 18.6 KB
      Overflow Count 0
    [ALLOC_TEMP_Job.worker 3]
      Initial Block Size 256.0 KB
      Current Block Size 256.0 KB
      Peak Allocated Bytes 18.6 KB
      Overflow Count 0
    [ALLOC_TEMP_Background Job.worker 5]
      Initial Block Size 32.0 KB
      Current Block Size 36.0 KB
      Peak Allocated Bytes 32.0 KB
      Overflow Count 0
    [ALLOC_TEMP_Job.worker 12]
      Initial Block Size 256.0 KB
      Current Block Size 256.0 KB
      Peak Allocated Bytes 18.6 KB
      Overflow Count 0
    [ALLOC_TEMP_UnityGfxDeviceWorker]
      Initial Block Size 256.0 KB
      Current Block Size 256.0 KB
      Peak Allocated Bytes 73.6 KB
      Overflow Count 1
    [ALLOC_TEMP_Job.worker 22]
      Initial Block Size 256.0 KB
      Current Block Size 256.0 KB
      Peak Allocated Bytes 18.6 KB
      Overflow Count 0
    [ALLOC_TEMP_Job.worker 2]
      Initial Block Size 256.0 KB
      Current Block Size 256.0 KB
      Peak Allocated Bytes 18.6 KB
      Overflow Count 0
    [ALLOC_TEMP_Job.worker 10]
      Initial Block Size 256.0 KB
      Current Block Size 256.0 KB
      Peak Allocated Bytes 18.6 KB
      Overflow Count 0
    [ALLOC_TEMP_Job.worker 17]
      Initial Block Size 256.0 KB
      Current Block Size 256.0 KB
      Peak Allocated Bytes 18.6 KB
      Overflow Count 0
    [ALLOC_TEMP_Job.worker 7]
      Initial Block Size 256.0 KB
      Current Block Size 256.0 KB
      Peak Allocated Bytes 18.6 KB
      Overflow Count 0
    [ALLOC_TEMP_Job.worker 9]
      Initial Block Size 256.0 KB
      Current Block Size 256.0 KB
      Peak Allocated Bytes 18.6 KB
      Overflow Count 0
    [ALLOC_TEMP_Job.worker 18]
      Initial Block Size 256.0 KB
      Current Block Size 256.0 KB
      Peak Allocated Bytes 18.6 KB
      Overflow Count 0
    [ALLOC_TEMP_Loading.AsyncRead]
      Initial Block Size 64.0 KB
      Current Block Size 116.0 KB
      Peak Allocated Bytes 115.2 KB
      Overflow Count 0
[ALLOC_DEFAULT] Dual Thread Allocator
  Peak main deferred allocation count 44004
    [ALLOC_BUCKET]
      Large Block size 4.0 MB
      Used Block count 1
      Peak Allocated bytes 4.0 MB
      Failed Allocations. Bucket layout:
        16B: 29 Subsections = 29696 buckets. Failed count: 1652130
        32B: 6 Subsections = 3072 buckets. Failed count: 706933
        48B: 15 Subsections = 5120 buckets. Failed count: 884768
        64B: 180 Subsections = 46080 buckets. Failed count: 1527634
        80B: 19 Subsections = 3891 buckets. Failed count: 438945
        96B: 3 Subsections = 512 buckets. Failed count: 69679
        112B: 2 Subsections = 292 buckets. Failed count: 189506
        128B: 2 Subsections = 256 buckets. Failed count: 347233
    [ALLOC_DEFAULT_MAIN]
      Peak usage frame count: [0.50 GB-1.00 GB]: 2239 frames
      Requested Block Size 16.0 MB
      Peak Block count 54
      Peak Allocated memory 0.97 GB
      Peak Large allocation bytes 280.1 MB
    [ALLOC_DEFAULT_THREAD]
      Peak usage frame count: [256.0 MB-0.50 GB]: 339 frames, [0.50 GB-1.00 GB]: 1900 frames
      Requested Block Size 16.0 MB
      Peak Block count 22
      Peak Allocated memory 0.72 GB
      Peak Large allocation bytes 393.8 MB
[ALLOC_TEMP_JOB_1_FRAME]
  Initial Block Size 2.0 MB
  Used Block Count 0
  Overflow Count (too large) 0
  Overflow Count (full) 0
[ALLOC_TEMP_JOB_2_FRAMES]
  Initial Block Size 2.0 MB
  Used Block Count 0
  Overflow Count (too large) 0
  Overflow Count (full) 0
[ALLOC_TEMP_JOB_4_FRAMES (JobTemp)]
  Initial Block Size 2.0 MB
  Used Block Count 1
  Overflow Count (too large) 0
  Overflow Count (full) 0
[ALLOC_TEMP_JOB_ASYNC (Background)]
  Initial Block Size 1.0 MB
  Used Block Count 1
  Overflow Count (too large) 0
  Overflow Count (full) 0
[ALLOC_GFX] Dual Thread Allocator
  Peak main deferred allocation count 6
    [ALLOC_BUCKET]
      Large Block size 4.0 MB
      Used Block count 1
      Peak Allocated bytes 4.0 MB
      Failed Allocations. Bucket layout:
        16B: 29 Subsections = 29696 buckets. Failed count: 1652130
        32B: 6 Subsections = 3072 buckets. Failed count: 706933
        48B: 15 Subsections = 5120 buckets. Failed count: 884768
        64B: 180 Subsections = 46080 buckets. Failed count: 1527634
        80B: 19 Subsections = 3891 buckets. Failed count: 438945
        96B: 3 Subsections = 512 buckets. Failed count: 69679
        112B: 2 Subsections = 292 buckets. Failed count: 189506
        128B: 2 Subsections = 256 buckets. Failed count: 347233
    [ALLOC_GFX_MAIN]
      Peak usage frame count: [8.0 MB-16.0 MB]: 2239 frames
      Requested Block Size 16.0 MB
      Peak Block count 1
      Peak Allocated memory 10.9 MB
      Peak Large allocation bytes 0 B
    [ALLOC_GFX_THREAD]
      Peak usage frame count: [2.0 KB-4.0 KB]: 1 frames, [8.0 KB-16.0 KB]: 147 frames, [256.0 KB-0.5 MB]: 2 frames, [0.5 MB-1.0 MB]: 2089 frames
      Requested Block Size 16.0 MB
      Peak Block count 1
      Peak Allocated memory 0.6 MB
      Peak Large allocation bytes 0 B
[ALLOC_CACHEOBJECTS] Dual Thread Allocator
  Peak main deferred allocation count 28913
    [ALLOC_BUCKET]
      Large Block size 4.0 MB
      Used Block count 1
      Peak Allocated bytes 4.0 MB
      Failed Allocations. Bucket layout:
        16B: 29 Subsections = 29696 buckets. Failed count: 1652130
        32B: 6 Subsections = 3072 buckets. Failed count: 706933
        48B: 15 Subsections = 5120 buckets. Failed count: 884768
        64B: 180 Subsections = 46080 buckets. Failed count: 1527634
        80B: 19 Subsections = 3891 buckets. Failed count: 438945
        96B: 3 Subsections = 512 buckets. Failed count: 69679
        112B: 2 Subsections = 292 buckets. Failed count: 189506
        128B: 2 Subsections = 256 buckets. Failed count: 347233
    [ALLOC_CACHEOBJECTS_MAIN]
      Peak usage frame count: [64.0 MB-128.0 MB]: 1664 frames, [128.0 MB-256.0 MB]: 575 frames
      Requested Block Size 4.0 MB
      Peak Block count 33
      Peak Allocated memory 146.2 MB
      Peak Large allocation bytes 37.7 MB
    [ALLOC_CACHEOBJECTS_THREAD]
      Peak usage frame count: [128.0 KB-256.0 KB]: 1 frames, [256.0 KB-0.5 MB]: 1 frames, [2.0 MB-4.0 MB]: 137 frames, [4.0 MB-8.0 MB]: 14 frames, [8.0 MB-16.0 MB]: 1608 frames, [16.0 MB-32.0 MB]: 478 frames
      Requested Block Size 4.0 MB
      Peak Block count 7
      Peak Allocated memory 31.8 MB
      Peak Large allocation bytes 6.8 MB
[ALLOC_TYPETREE] Dual Thread Allocator
  Peak main deferred allocation count 2
    [ALLOC_BUCKET]
      Large Block size 4.0 MB
      Used Block count 1
      Peak Allocated bytes 4.0 MB
      Failed Allocations. Bucket layout:
        16B: 29 Subsections = 29696 buckets. Failed count: 1652130
        32B: 6 Subsections = 3072 buckets. Failed count: 706933
        48B: 15 Subsections = 5120 buckets. Failed count: 884768
        64B: 180 Subsections = 46080 buckets. Failed count: 1527634
        80B: 19 Subsections = 3891 buckets. Failed count: 438945
        96B: 3 Subsections = 512 buckets. Failed count: 69679
        112B: 2 Subsections = 292 buckets. Failed count: 189506
        128B: 2 Subsections = 256 buckets. Failed count: 347233
    [ALLOC_TYPETREE_MAIN]
      Peak usage frame count: [0.5 MB-1.0 MB]: 2239 frames
      Requested Block Size 2.0 MB
      Peak Block count 1
      Peak Allocated memory 0.7 MB
      Peak Large allocation bytes 0 B
    [ALLOC_TYPETREE_THREAD]
      Peak usage frame count: [1.0 KB-2.0 KB]: 2 frames, [32.0 KB-64.0 KB]: 141 frames, [256.0 KB-0.5 MB]: 2 frames, [0.5 MB-1.0 MB]: 4 frames, [1.0 MB-2.0 MB]: 2090 frames
      Requested Block Size 2.0 MB
      Peak Block count 1
      Peak Allocated memory 1.2 MB
      Peak Large allocation bytes 0 B
