2024-01-08 15:20:10.538 [info] Started initializing default profile extensions in extensions installation folder. file:///home/jm/.vscode-oss/extensions
2024-01-08 15:20:10.617 [warning] Failed to create default profile extensions manifest in extensions installation folder. file:///home/jm/.vscode-oss/extensions Unable to create file 'vscode-userdata:/home/jm/.vscode-oss/extensions/extensions.json' that already exists when overwrite flag is not set
2024-01-08 15:20:10.617 [info] Completed initializing default profile extensions in extensions installation folder. file:///home/jm/.vscode-oss/extensions
2024-01-08 15:20:10.680 [error] [uncaught exception in sharedProcess]: Error: ENOENT: no such file or directory, stat '/home/jm/.vscode-oss/extensions/extensions.json.vsctmp': EntryNotFound (FileSystemError): Error: ENOENT: no such file or directory, stat '/home/jm/.vscode-oss/extensions/extensions.json.vsctmp'
    at r.create (/usr/share/vscodium/resources/app/out/vs/code/node/sharedProcess/sharedProcessMain.js:51:35852)
    at a (/usr/share/vscodium/resources/app/out/vs/code/node/sharedProcess/sharedProcessMain.js:51:35986)
    at s.toFileSystemProviderError (/usr/share/vscodium/resources/app/out/vs/code/node/sharedProcess/sharedProcessMain.js:56:47852)
    at s.stat (/usr/share/vscodium/resources/app/out/vs/code/node/sharedProcess/sharedProcessMain.js:56:38447)
    at async C.stat (/usr/share/vscodium/resources/app/out/vs/code/node/sharedProcess/sharedProcessMain.js:56:20932)
    at async Y.onDidFilesChange (/usr/share/vscodium/resources/app/out/vs/code/node/sharedProcess/sharedProcessMain.js:100:138138)
2024-01-08 15:21:32.054 [info] Getting Manifest... angular.ng-template
2024-01-08 15:21:32.118 [info] Installing extension: angular.ng-template
2024-01-08 15:21:37.187 [info] Extension signature verification is not done: angular.ng-template
2024-01-08 15:21:37.743 [info] Extracted extension to file:///home/jm/.vscode-oss/extensions/angular.ng-template-17.0.3-universal: angular.ng-template
2024-01-08 15:21:37.763 [info] Renamed to /home/jm/.vscode-oss/extensions/angular.ng-template-17.0.3-universal
2024-01-08 15:21:37.763 [info] Extracting extension completed. angular.ng-template
2024-01-08 15:21:37.771 [info] Extension installed successfully: angular.ng-template
2024-01-08 15:21:37.844 [error] [uncaught exception in sharedProcess]: Error: ENOENT: no such file or directory, stat '/home/jm/.vscode-oss/extensions/extensions.json.vsctmp': EntryNotFound (FileSystemError): Error: ENOENT: no such file or directory, stat '/home/jm/.vscode-oss/extensions/extensions.json.vsctmp'
    at r.create (/usr/share/vscodium/resources/app/out/vs/code/node/sharedProcess/sharedProcessMain.js:51:35852)
    at a (/usr/share/vscodium/resources/app/out/vs/code/node/sharedProcess/sharedProcessMain.js:51:35986)
    at s.toFileSystemProviderError (/usr/share/vscodium/resources/app/out/vs/code/node/sharedProcess/sharedProcessMain.js:56:47852)
    at s.stat (/usr/share/vscodium/resources/app/out/vs/code/node/sharedProcess/sharedProcessMain.js:56:38447)
    at async C.stat (/usr/share/vscodium/resources/app/out/vs/code/node/sharedProcess/sharedProcessMain.js:56:20932)
    at async Y.onDidFilesChange (/usr/share/vscodium/resources/app/out/vs/code/node/sharedProcess/sharedProcessMain.js:100:138138)
