Mono path[0] = '/home/jm/.local/share/Steam/steamapps/common/Monster Prom 2 - Monster Camp/MonsterCamp_Data/Managed'
Mono config path = '/home/jm/.local/share/Steam/steamapps/common/Monster Prom 2 - Monster Camp/MonsterCamp_Data/MonoBleedingEdge/etc'
Preloaded 'libsteam_api.so'
Display 0 'HDMI-A-1 23"': 1920x1080 (primary device).
Display 1 'DP-2 27"': 2560x1440 (secondary device).
Display 2 'DP-3 27"': 2560x1440 (secondary device).
Unable to load player prefs
Desktop is 1920 x 1080 @ 60 Hz
Initialize engine version: 2019.4.16f1 (e05b6e02d63e)
[Subsystems] Discovering subsystems at path /home/jm/.local/share/Steam/steamapps/common/Monster Prom 2 - Monster Camp/MonsterCamp_Data/UnitySubsystems
GfxDevice: creating device client; threaded=1
Renderer: NVIDIA GeForce RTX 3080/PCIe/SSE2
Vendor:   NVIDIA Corporation
Version:  4.5.0 NVIDIA 555.58
GLES:     0
 GL_AMD_multi_draw_indirect GL_AMD_seamless_cubemap_per_texture GL_AMD_vertex_shader_viewport_index GL_AMD_vertex_shader_layer GL_ARB_arrays_of_arrays GL_ARB_base_instance GL_ARB_bindless_texture GL_ARB_blend_func_extended GL_ARB_buffer_storage GL_ARB_clear_buffer_object GL_ARB_clear_texture GL_ARB_clip_control GL_ARB_color_buffer_float GL_ARB_compressed_texture_pixel_storage GL_ARB_conservative_depth GL_ARB_compute_shader GL_ARB_compute_variable_group_size GL_ARB_conditional_render_inverted GL_ARB_copy_buffer GL_ARB_copy_image GL_ARB_cull_distance GL_ARB_debug_output GL_ARB_depth_buffer_float GL_ARB_depth_clamp GL_ARB_depth_texture GL_ARB_derivative_control GL_ARB_direct_state_access GL_ARB_draw_buffers GL_ARB_draw_buffers_blend GL_ARB_draw_indirect GL_ARB_draw_elements_base_vertex GL_ARB_draw_instanced GL_ARB_enhanced_layouts GL_ARB_ES2_compatibility GL_ARB_ES3_compatibility GL_ARB_ES3_1_compatibility GL_ARB_ES3_2_compatibility GL_ARB_explicit_attrib_location GL_ARB_explicit_uniform_location GL_ARB_fragmen
t_coord_conventions GL_ARB_fragment_layer_viewport GL_ARB_fragment_program GL_ARB_fragment_program_shadow GL_ARB_fragment_shader GL_ARB_fragment_shader_interlock GL_ARB_framebuffer_no_attachments GL_ARB_framebuffer_object GL_ARB_framebuffer_sRGB GL_ARB_geometry_shader4 GL_ARB_get_program_binary GL_ARB_get_texture_sub_image GL_ARB_gl_spirv GL_ARB_gpu_shader5 GL_ARB_gpu_shader_fp64 GL_ARB_gpu_shader_int64 GL_ARB_half_float_pixel GL_ARB_half_float_vertex GL_ARB_imaging GL_ARB_indirect_parameters GL_ARB_instanced_arrays GL_ARB_internalformat_query GL_ARB_internalformat_query2 GL_ARB_invalidate_subdata GL_ARB_map_buffer_alignment GL_ARB_map_buffer_range GL_ARB_multi_bind GL_ARB_multi_draw_indirect GL_ARB_multisample GL_ARB_multitexture GL_ARB_occlusion_query GL_ARB_occlusion_query2 GL_ARB_parallel_shader_compile GL_ARB_pipeline_statistics_query GL_ARB_pixel_buffer_object GL_ARB_point_parameters GL_ARB_point_sprite GL_ARB_polygon_offset_clamp GL_ARB_post_depth_coverage GL_ARB_program_interface_query GL_ARB_provoki
ng_vertex GL_ARB_query_buffer_object GL_ARB_robust_buffer_access_behavior GL_ARB_robustness GL_ARB_sample_locations GL_ARB_sample_shading GL_ARB_sampler_objects GL_ARB_seamless_cube_map GL_ARB_seamless_cubemap_per_texture GL_ARB_separate_shader_objects GL_ARB_shader_atomic_counter_ops GL_ARB_shader_atomic_counters GL_ARB_shader_ballot GL_ARB_shader_bit_encoding GL_ARB_shader_clock GL_ARB_shader_draw_parameters GL_ARB_shader_group_vote GL_ARB_shader_image_load_store GL_ARB_shader_image_size GL_ARB_shader_objects GL_ARB_shader_precision GL_ARB_shader_storage_buffer_object GL_ARB_shader_subroutine GL_ARB_shader_texture_image_samples GL_ARB_shader_texture_lod GL_ARB_shading_language_100 GL_ARB_shader_viewport_layer_array GL_ARB_shading_language_420pack GL_ARB_shading_language_include GL_ARB_shading_language_packing GL_ARB_shadow GL_ARB_sparse_buffer GL_ARB_sparse_texture GL_ARB_sparse_texture2 GL_ARB_sparse_texture_clamp GL_ARB_spirv_extensions GL_ARB_stencil_texturing GL_ARB_sync GL_ARB_tessellation_shader GL_A
RB_texture_barrier GL_ARB_texture_border_clamp GL_ARB_texture_buffer_object GL_ARB_texture_buffer_object_rgb32 GL_ARB_texture_buffer_range GL_ARB_texture_compression GL_ARB_texture_compression_bptc GL_ARB_texture_compression_rgtc GL_ARB_texture_cube_map GL_ARB_texture_cube_map_array GL_ARB_texture_env_add GL_ARB_texture_env_combine GL_ARB_texture_env_crossbar GL_ARB_texture_env_dot3 GL_ARB_texture_filter_anisotropic GL_ARB_texture_filter_minmax GL_ARB_texture_float GL_ARB_texture_gather GL_ARB_texture_mirror_clamp_to_edge GL_ARB_texture_mirrored_repeat GL_ARB_texture_multisample GL_ARB_texture_non_power_of_two GL_ARB_texture_query_levels GL_ARB_texture_query_lod GL_ARB_texture_rectangle GL_ARB_texture_rg GL_ARB_texture_rgb10_a2ui GL_ARB_texture_stencil8 GL_ARB_texture_storage GL_ARB_texture_storage_multisample GL_ARB_texture_swizzle GL_ARB_texture_view GL_ARB_timer_query GL_ARB_transform_feedback2 GL_ARB_transform_feedback3 GL_ARB_transform_feedback_instanced GL_ARB_transform_feedback_overflow_query GL_ARB_t
ranspose_matrix GL_ARB_uniform_buffer_object GL_ARB_vertex_array_bgra GL_ARB_vertex_array_object GL_ARB_vertex_attrib_64bit GL_ARB_vertex_attrib_binding GL_ARB_vertex_buffer_object GL_ARB_vertex_program GL_ARB_vertex_shader GL_ARB_vertex_type_10f_11f_11f_rev GL_ARB_vertex_type_2_10_10_10_rev GL_ARB_viewport_array GL_ARB_window_pos GL_ATI_draw_buffers GL_ATI_texture_float GL_ATI_texture_mirror_once GL_S3_s3tc GL_EXT_texture_env_add GL_EXT_abgr GL_EXT_bgra GL_EXT_bindable_uniform GL_EXT_blend_color GL_EXT_blend_equation_separate GL_EXT_blend_func_separate GL_EXT_blend_minmax GL_EXT_blend_subtract GL_EXT_compiled_vertex_array GL_EXT_Cg_shader GL_EXT_depth_bounds_test GL_EXT_direct_state_access GL_EXT_draw_buffers2 GL_EXT_draw_instanced GL_EXT_draw_range_elements GL_EXT_fog_coord GL_EXT_framebuffer_blit GL_EXT_framebuffer_multisample GL_EXTX_framebuffer_mixed_formats GL_EXT_framebuffer_multisample_blit_scaled GL_EXT_framebuffer_object GL_EXT_framebuffer_sRGB GL_EXT_geometry_shader4 GL_EXT_gpu_program_parameters 
GL_EXT_gpu_shader4 GL_EXT_multi_draw_arrays GL_EXT_multiview_texture_multisample GL_EXT_multiview_timer_query GL_EXT_packed_depth_stencil GL_EXT_packed_float GL_EXT_packed_pixels GL_EXT_pixel_buffer_object GL_EXT_point_parameters GL_EXT_polygon_offset_clamp GL_EXT_post_depth_coverage GL_EXT_provoking_vertex GL_EXT_raster_multisample GL_EXT_rescale_normal GL_EXT_secondary_color GL_EXT_separate_shader_objects GL_EXT_separate_specular_color GL_EXT_shader_image_load_formatted GL_EXT_shader_image_load_store GL_EXT_shader_integer_mix GL_EXT_shadow_funcs GL_EXT_sparse_texture2 GL_EXT_stencil_two_side GL_EXT_stencil_wrap GL_EXT_texture3D GL_EXT_texture_array GL_EXT_texture_buffer_object GL_EXT_texture_compression_dxt1 GL_EXT_texture_compression_latc GL_EXT_texture_compression_rgtc GL_EXT_texture_compression_s3tc GL_EXT_texture_cube_map GL_EXT_texture_edge_clamp GL_EXT_texture_env_combine GL_EXT_texture_env_dot3 GL_EXT_texture_filter_anisotropic GL_EXT_texture_filter_minmax GL_EXT_texture_integer GL_EXT_texture_lod G
L_EXT_texture_lod_bias GL_EXT_texture_mirror_clamp GL_EXT_texture_object GL_EXT_texture_shadow_lod GL_EXT_texture_shared_exponent GL_EXT_texture_sRGB GL_EXT_texture_sRGB_R8 GL_EXT_texture_sRGB_decode GL_EXT_texture_storage GL_EXT_texture_swizzle GL_EXT_timer_query GL_EXT_transform_feedback2 GL_EXT_vertex_array GL_EXT_vertex_array_bgra GL_EXT_vertex_attrib_64bit GL_EXT_window_rectangles GL_EXT_import_sync_object GL_NV_robustness_video_memory_purge GL_IBM_rasterpos_clip GL_IBM_texture_mirrored_repeat GL_KHR_context_flush_control GL_KHR_debug GL_EXT_memory_object GL_EXT_memory_object_fd GL_NV_memory_object_sparse GL_KHR_parallel_shader_compile GL_KHR_no_error GL_KHR_robust_buffer_access_behavior GL_KHR_robustness GL_EXT_semaphore GL_EXT_semaphore_fd GL_NV_timeline_semaphore GL_KHR_shader_subgroup GL_KTX_buffer_region GL_NV_alpha_to_coverage_dither_control GL_NV_bindless_multi_draw_indirect GL_NV_bindless_multi_draw_indirect_count GL_NV_bindless_texture GL_NV_blend_equation_advanced GL_NV_blend_equation_advanced
_coherent GL_NVX_blend_equation_advanced_multi_draw_buffers GL_NV_blend_minmax_factor GL_NV_blend_square GL_NV_clip_space_w_scaling GL_NV_command_list GL_NV_compute_program5 GL_NV_compute_shader_derivatives GL_NV_conditional_render GL_NV_conservative_raster GL_NV_conservative_raster_dilate GL_NV_conservative_raster_pre_snap GL_NV_conservative_raster_pre_snap_triangles GL_NV_conservative_raster_underestimation GL_NV_copy_depth_to_color GL_NV_copy_image GL_NV_depth_buffer_float GL_NV_depth_clamp GL_NV_draw_texture GL_NV_draw_vulkan_image GL_NV_ES1_1_compatibility GL_NV_ES3_1_compatibility GL_NV_explicit_multisample GL_NV_feature_query GL_NV_fence GL_NV_fill_rectangle GL_NV_float_buffer GL_NV_fog_distance GL_NV_fragment_coverage_to_color GL_NV_fragment_program GL_NV_fragment_program_option GL_NV_fragment_program2 GL_NV_fragment_shader_barycentric GL_NV_fragment_shader_interlock GL_NV_framebuffer_mixed_samples GL_NV_framebuffer_multisample_coverage GL_NV_geometry_shader4 GL_NV_geometry_shader_passthrough GL_NV_g
pu_program4 GL_NV_internalformat_sample_query GL_NV_gpu_program4_1 GL_NV_gpu_program5 GL_NV_gpu_program5_mem_extended GL_NV_gpu_program_fp64 GL_NV_gpu_program_multiview GL_NV_gpu_shader5 GL_NV_half_float GL_NV_light_max_exponent GL_NV_memory_attachment GL_NV_mesh_shader GL_NV_multisample_coverage GL_NV_multisample_filter_hint GL_NV_occlusion_query GL_NV_packed_depth_stencil GL_NV_parameter_buffer_object GL_NV_parameter_buffer_object2 GL_NV_path_rendering GL_NV_path_rendering_shared_edge GL_NV_pixel_data_range GL_NV_point_sprite GL_NV_primitive_restart GL_NV_primitive_shading_rate GL_NV_query_resource GL_NV_query_resource_tag GL_NV_register_combiners GL_NV_register_combiners2 GL_NV_representative_fragment_test GL_NV_sample_locations GL_NV_sample_mask_override_coverage GL_NV_scissor_exclusive GL_NV_shader_atomic_counters GL_NV_shader_atomic_float GL_NV_shader_atomic_float64 GL_NV_shader_atomic_fp16_vector GL_NV_shader_atomic_int64 GL_NV_shader_buffer_load GL_NV_shader_storage_buffer_object GL_NV_shader_subgrou
p_partitioned GL_NV_shader_texture_footprint GL_NV_shading_rate_image GL_NV_stereo_view_rendering GL_NV_texgen_reflection GL_NV_texture_barrier GL_NV_texture_compression_vtc GL_NV_texture_dirty_tile_map GL_NV_texture_env_combine4 GL_NV_texture_multisample GL_NV_texture_rectangle GL_NV_texture_rectangle_compressed GL_NV_texture_shader GL_NV_texture_shader2 GL_NV_texture_shader3 GL_NV_transform_feedback GL_NV_transform_feedback2 GL_NV_uniform_buffer_unified_memory GL_NV_uniform_buffer_std430_layout GL_NV_vdpau_interop GL_NV_vdpau_interop2 GL_NV_vertex_array_range GL_NV_vertex_array_range2 GL_NV_vertex_attrib_integer_64bit GL_NV_vertex_buffer_unified_memory GL_NV_vertex_program GL_NV_vertex_program1_1 GL_NV_vertex_program2 GL_NV_vertex_program2_option GL_NV_vertex_program3 GL_NV_viewport_array2 GL_NV_viewport_swizzle GL_NVX_conditional_render GL_NV_gpu_multicast GL_NVX_progress_fence GL_NVX_gpu_memory_info GL_NVX_nvenc_interop GL_NV_shader_thread_group GL_NV_shader_thread_shuffle GL_KHR_blend_equation_advanced 
GL_KHR_blend_equation_advanced_coherent GL_OVR_multiview GL_OVR_multiview2 GL_SGIS_generate_mipmap GL_SGIS_texture_lod GL_SGIX_depth_texture GL_SGIX_shadow GL_SUN_slice_accum
OPENGL LOG: Creating OpenGL 4.5 graphics device ; Context level  <OpenGL 4.5> ; Context handle 1039058472
Begin MonoManager ReloadAssembly
- Completed reload, in  0.046 seconds
Default vsync count 1
requesting resize 1920 x 1080
Using native desktop resolution 1920 x 1080
requesting fullscreen 1920 x 1080 at 0 Hz
Desktop is 1920 x 1080 @ 60 Hz
UnloadTime: 0.436740 ms
[S_API] SteamAPI_Init(): Loaded '/home/jm/.local/share/Steam/linux64/steamclient.so' OK.
Setting breakpad minidump AppID = 1140270
SteamInternal_SetMinidumpSteamID:  Caching Steam ID:  76561198032524950 [API loaded no]
Changing real window size to 2560 x 1440
Desktop is 1920 x 1080 @ 60 Hz
>Steam > OnUserStatsReceived() - Received stats and achievements from Steam [Frame: 58] 
(Filename: ./Runtime/Export/Debug/Debug.bindings.h Line: 35)

>SPLASH SCREEN - LOAD LOGO 6.133846 
(Filename: ./Runtime/Export/Debug/Debug.bindings.h Line: 35)

Unloading 5 Unused Serialized files (Serialized files now loaded: 0)
UnloadTime: 1.837611 ms

Unloading 88 unused Assets to reduce memory usage. Loaded Objects now: 1451.
Total: 0.272870 ms (FindLiveObjects: 0.050810 ms CreateObjectMapping: 0.023130 ms MarkObjects: 0.136680 ms  DeleteObjects: 0.062090 ms)

Unloading 3 Unused Serialized files (Serialized files now loaded: 0)
UnloadTime: 1.551591 ms
>General Manager - Awake Instance - Time since startup: 6.295681 
(Filename: ./Runtime/Export/Debug/Debug.bindings.h Line: 35)

>Initialize GeneralManager [Frame: 852] 
(Filename: ./Runtime/Export/Debug/Debug.bindings.h Line: 35)

>Steam is now initialized [Frame: 852] 
(Filename: ./Runtime/Export/Debug/Debug.bindings.h Line: 35)


Unloading 4 unused Assets to reduce memory usage. Loaded Objects now: 3204.
Total: 3.660112 ms (FindLiveObjects: 0.116171 ms CreateObjectMapping: 0.033231 ms MarkObjects: 3.495033 ms  DeleteObjects: 0.015010 ms)

>Database Initialization Finished - Elapsed time: 00:00:00.25 
(Filename: ./Runtime/Export/Debug/Debug.bindings.h Line: 35)

>Analytics are disabled. 
(Filename: ./Runtime/Export/Debug/Debug.bindings.h Line: 35)

>Set default language to: English 
(Filename: ./Runtime/Export/Debug/Debug.bindings.h Line: 35)

>Finished downloading addressable dependencies. Time elapsed: 0.0009042 
(Filename: ./Runtime/Export/Debug/Debug.bindings.h Line: 35)

>Addressables texts list finished loading all assets. Time elapsed: 0.0057047  Assets loaded: '17' 
(Filename: ./Runtime/Export/Debug/Debug.bindings.h Line: 35)

>SetUp GeneralManager 
(Filename: ./Runtime/Export/Debug/Debug.bindings.h Line: 35)

>RefreshAvailableCharacterPackages [Frame: 852] 
(Filename: ./Runtime/Export/Debug/Debug.bindings.h Line: 35)

>General Settings:
	First time: True 
	Language: English 
	Music volume: 10 
	Sfx volume: 10 
	Voice volume: 10 
	Fullscreen: True 
	Selected monitor idx: 0 
	Windowed height: 1080 
	Windowed width: 1920 
	User data create error: False 
	Streamer Mode: False 
	Instinct Mode: False 
	Windowed width: 1920 
 
(Filename: ./Runtime/Export/Debug/Debug.bindings.h Line: 35)

>Customize Settings:
	Damien bee: False
	Same group PCs: False
	Trigger warnings (any enabled: False)
		Trigger None: False
		Trigger Drugs: False
		Trigger Scatological: False
		Trigger SexualOrViolent: False
		Trigger Creepy: False
		Trigger References: False
	Outfits (any enabled: False)
		Outfit pack defaultOutfits: False
		Outfit pack classicMonsters: False
		Outfit pack anime: False
		Outfit pack fantasy: False
		Outfit pack scifi: False
		Outfit pack fairyTales: False
		Outfit pack winter: False
		Outfit pack victorian: False
		Outfit pack mosterPorm: False
		Outfit pack nautical: False
		Outfit pack mazeman: False
		Outfit pack music: False
		Outfit pack eighties: False
		Outfit pack catMerch: False
		Outfit pack wildWest: False
		Outfit pack halloweenSexy: False
		Outfit pack circus: False
 
(Filename: ./Runtime/Export/Debug/Debug.bindings.h Line: 35)

>Set random seed: 863344177 
(Filename: ./Runtime/Export/Debug/Debug.bindings.h Line: 35)

>Load language strings from file: english_camp_metatexts 
(Filename: ./Runtime/Export/Debug/Debug.bindings.h Line: 35)

>Loaded game version: 2.19.a 
(Filename: ./Runtime/Export/Debug/Debug.bindings.h Line: 35)

>Loading game data files [Frame: 852] 
(Filename: ./Runtime/Export/Debug/Debug.bindings.h Line: 35)

>Loading data file: FileData_MainGame 
(Filename: ./Runtime/Export/Debug/Debug.bindings.h Line: 35)

>LoadEventsFromDisk: FileData_MainGame 
(Filename: ./Runtime/Export/Debug/Debug.bindings.h Line: 35)

>Succesfully loaded events: FileData_MainGame 
(Filename: ./Runtime/Export/Debug/Debug.bindings.h Line: 35)

>LoadEventsFromDisk - Finished - Elapsed time: 00:00:00.26 
(Filename: ./Runtime/Export/Debug/Debug.bindings.h Line: 35)

>Loading data file: FileData_Prologue 
(Filename: ./Runtime/Export/Debug/Debug.bindings.h Line: 35)

>LoadEventsFromDisk: FileData_Prologue 
(Filename: ./Runtime/Export/Debug/Debug.bindings.h Line: 35)

>Succesfully loaded events: FileData_Prologue 
(Filename: ./Runtime/Export/Debug/Debug.bindings.h Line: 35)

>LoadEventsFromDisk - Finished - Elapsed time: 00:00:00.00 
(Filename: ./Runtime/Export/Debug/Debug.bindings.h Line: 35)

>Loading data file: FileData_Credits 
(Filename: ./Runtime/Export/Debug/Debug.bindings.h Line: 35)

>LoadEventsFromDisk: FileData_Credits 
(Filename: ./Runtime/Export/Debug/Debug.bindings.h Line: 35)

>Succesfully loaded events: FileData_Credits 
(Filename: ./Runtime/Export/Debug/Debug.bindings.h Line: 35)

>LoadEventsFromDisk - Finished - Elapsed time: 00:00:00.00 
(Filename: ./Runtime/Export/Debug/Debug.bindings.h Line: 35)

>Loading data file: FileData_MetaShop 
(Filename: ./Runtime/Export/Debug/Debug.bindings.h Line: 35)

>LoadEventsFromDisk: FileData_MetaShop 
(Filename: ./Runtime/Export/Debug/Debug.bindings.h Line: 35)

>Succesfully loaded events: FileData_MetaShop 
(Filename: ./Runtime/Export/Debug/Debug.bindings.h Line: 35)

>LoadEventsFromDisk - Finished - Elapsed time: 00:00:00.00 
(Filename: ./Runtime/Export/Debug/Debug.bindings.h Line: 35)

>SetUp GeneralManager > Finished 
(Filename: ./Runtime/Export/Debug/Debug.bindings.h Line: 35)

Fallback handler could not load library /home/jm/.local/share/Steam/steamapps/common/Monster Prom 2 - Monster Camp/MonsterCamp_Data/Mono/libPhotonCryptoPlugin
Fallback handler could not load library /home/jm/.local/share/Steam/steamapps/common/Monster Prom 2 - Monster Camp/MonsterCamp_Data/Mono/libPhotonCryptoPlugin.so
Fallback handler could not load library /home/jm/.local/share/Steam/steamapps/common/Monster Prom 2 - Monster Camp/MonsterCamp_Data/Mono/PhotonCryptoPlugin
Fallback handler could not load library /home/jm/.local/share/Steam/steamapps/common/Monster Prom 2 - Monster Camp/MonsterCamp_Data/Mono/libPhotonCryptoPlugin
Fallback handler could not load library /home/jm/.local/share/Steam/steamapps/common/Monster Prom 2 - Monster Camp/MonsterCamp_Data/Mono/libPhotonCryptoPlugin.so
Fallback handler could not load library /home/jm/.local/share/Steam/steamapps/common/Monster Prom 2 - Monster Camp/MonsterCamp_Data/Mono/libPhotonCryptoPlugin
Fallback handler could not load library /home/jm/.local/share/Steam/steamapps/common/Monster Prom 2 - Monster Camp/MonsterCamp_Data/Mono/libPhotonSocketPlugin
Fallback handler could not load library /home/jm/.local/share/Steam/steamapps/common/Monster Prom 2 - Monster Camp/MonsterCamp_Data/Mono/libPhotonSocketPlugin.so
Fallback handler could not load library /home/jm/.local/share/Steam/steamapps/common/Monster Prom 2 - Monster Camp/MonsterCamp_Data/Mono/PhotonSocketPlugin
Fallback handler could not load library /home/jm/.local/share/Steam/steamapps/common/Monster Prom 2 - Monster Camp/MonsterCamp_Data/Mono/libPhotonSocketPlugin
Fallback handler could not load library /home/jm/.local/share/Steam/steamapps/common/Monster Prom 2 - Monster Camp/MonsterCamp_Data/Mono/libPhotonSocketPlugin.so
Fallback handler could not load library /home/jm/.local/share/Steam/steamapps/common/Monster Prom 2 - Monster Camp/MonsterCamp_Data/Mono/libPhotonSocketPlugin
Fallback handler could not load library /home/jm/.local/share/Steam/steamapps/common/Monster Prom 2 - Monster Camp/MonsterCamp_Data/Mono/libPhotonEncryptorPlugin
Fallback handler could not load library /home/jm/.local/share/Steam/steamapps/common/Monster Prom 2 - Monster Camp/MonsterCamp_Data/Mono/libPhotonEncryptorPlugin.so
Fallback handler could not load library /home/jm/.local/share/Steam/steamapps/common/Monster Prom 2 - Monster Camp/MonsterCamp_Data/Mono/PhotonEncryptorPlugin
Fallback handler could not load library /home/jm/.local/share/Steam/steamapps/common/Monster Prom 2 - Monster Camp/MonsterCamp_Data/Mono/libPhotonEncryptorPlugin
Fallback handler could not load library /home/jm/.local/share/Steam/steamapps/common/Monster Prom 2 - Monster Camp/MonsterCamp_Data/Mono/libPhotonEncryptorPlugin.so
Fallback handler could not load library /home/jm/.local/share/Steam/steamapps/common/Monster Prom 2 - Monster Camp/MonsterCamp_Data/Mono/libPhotonEncryptorPlugin
>Loading progress... 
(Filename: ./Runtime/Export/Debug/Debug.bindings.h Line: 35)

>TryLoadingXMLFile > Expecting an encrypted save file. 
(Filename: ./Runtime/Export/Debug/Debug.bindings.h Line: 35)

>TryLoadEncrypted 
(Filename: ./Runtime/Export/Debug/Debug.bindings.h Line: 35)

>Loading Progress... Has decrypted XML file: /home/jm/.local/share/Steam/steamapps/common/Monster Prom 2 - Monster Camp/MonsterCamp_Data/../UserData/../UserData/76561198032524950_GameProgress000001.xml 
(Filename: ./Runtime/Export/Debug/Debug.bindings.h Line: 35)

>Loading Progress... Try loading decrypted XML file now: /home/jm/.local/share/Steam/steamapps/common/Monster Prom 2 - Monster Camp/MonsterCamp_Data/../UserData/../UserData/76561198032524950_GameProgress000001.xml 
(Filename: ./Runtime/Export/Debug/Debug.bindings.h Line: 35)

>File loaded: /home/jm/.local/share/Steam/steamapps/common/Monster Prom 2 - Monster Camp/MonsterCamp_Data/../UserData/../UserData/76561198032524950_GameProgress000001.xml 
(Filename: ./Runtime/Export/Debug/Debug.bindings.h Line: 35)

>File loaded correctly: /home/jm/.local/share/Steam/steamapps/common/Monster Prom 2 - Monster Camp/MonsterCamp_Data/../UserData/../UserData/76561198032524950_GameProgress000001.xml 
(Filename: ./Runtime/Export/Debug/Debug.bindings.h Line: 35)

>Process XML File 
(Filename: ./Runtime/Export/Debug/Debug.bindings.h Line: 35)

>Finished parsing progress file. 
(Filename: ./Runtime/Export/Debug/Debug.bindings.h Line: 35)

>InitializeLoadedScene > Start [Frame: 852] 
(Filename: ./Runtime/Export/Debug/Debug.bindings.h Line: 35)

>InitializeLoadedScene > Update Unlockables 
(Filename: ./Runtime/Export/Debug/Debug.bindings.h Line: 35)

>Reset current player controller id to -1 
(Filename: ./Runtime/Export/Debug/Debug.bindings.h Line: 35)

>Play song: BiteYourCrush 
(Filename: ./Runtime/Export/Debug/Debug.bindings.h Line: 35)

>InitializeLoadedScene > Scene initialized 
(Filename: ./Runtime/Export/Debug/Debug.bindings.h Line: 35)

>General Manager - Finished Start - Time since startup: 7.069484 
(Filename: ./Runtime/Export/Debug/Debug.bindings.h Line: 35)

>Title > Clearing GameSession state 
(Filename: ./Runtime/Export/Debug/Debug.bindings.h Line: 35)

>Title > Fade in main buttons (instant: False). 
(Filename: ./Runtime/Export/Debug/Debug.bindings.h Line: 35)

>Saving settings... 
(Filename: ./Runtime/Export/Debug/Debug.bindings.h Line: 35)

>Succesfully written settings in Player Prefs. 
(Filename: ./Runtime/Export/Debug/Debug.bindings.h Line: 35)

requesting resize 1920 x 1080
Using native desktop resolution 1920 x 1080
requesting fullscreen 1920 x 1080 at 0 Hz
Desktop is 1920 x 1080 @ 60 Hz
>Saving settings... 
(Filename: ./Runtime/Export/Debug/Debug.bindings.h Line: 35)

>Succesfully written settings in Player Prefs. 
(Filename: ./Runtime/Export/Debug/Debug.bindings.h Line: 35)

requesting resize 1920 x 1080
resizing window to 1920 x 1080
Desktop is 1920 x 1080 @ 60 Hz
requesting resize 1920 x 1080
resizing window to 1920 x 1080
Desktop is 1920 x 1080 @ 60 Hz
requesting resize 1920 x 1080
resizing window to 1920 x 1080
Desktop is 1920 x 1080 @ 60 Hz
requesting resize 1920 x 1080
resizing window to 1920 x 1080
Desktop is 1920 x 1080 @ 60 Hz
>SceneLoader > Loading Prologue 
(Filename: ./Runtime/Export/Debug/Debug.bindings.h Line: 35)

>InitializeLoadedScene > Start [Frame: 6472] 
(Filename: ./Runtime/Export/Debug/Debug.bindings.h Line: 35)

>InitializeLoadedScene > Update Unlockables 
(Filename: ./Runtime/Export/Debug/Debug.bindings.h Line: 35)

>InitializeLoadedScene > Scene initialized 
(Filename: ./Runtime/Export/Debug/Debug.bindings.h Line: 35)

>InitializeLoadedScene > Start [Frame: 6615] 
(Filename: ./Runtime/Export/Debug/Debug.bindings.h Line: 35)

>InitializeLoadedScene > Update Unlockables 
(Filename: ./Runtime/Export/Debug/Debug.bindings.h Line: 35)

>Play song: GlitchWave 
(Filename: ./Runtime/Export/Debug/Debug.bindings.h Line: 35)

>InitializeLoadedScene > Scene initialized 
(Filename: ./Runtime/Export/Debug/Debug.bindings.h Line: 35)

>RefreshAvailableCharacterPackages [Frame: 6615] 
(Filename: ./Runtime/Export/Debug/Debug.bindings.h Line: 35)

>Addressables sprites list finished loading all assets. Time elapsed: 0.0018697  Assets loaded: '2' 
(Filename: ./Runtime/Export/Debug/Debug.bindings.h Line: 35)

>RefreshAvailableCharacterPackages [Frame: 6615] 
(Filename: ./Runtime/Export/Debug/Debug.bindings.h Line: 35)

>Addressables sprites list finished loading all assets. Time elapsed: 0.0403235  Assets loaded: '2' 
(Filename: ./Runtime/Export/Debug/Debug.bindings.h Line: 35)

>RefreshAvailableCharacterPackages [Frame: 6615] 
(Filename: ./Runtime/Export/Debug/Debug.bindings.h Line: 35)

>Addressables sprites list finished loading all assets. Time elapsed: 0.0403248  Assets loaded: '2' 
(Filename: ./Runtime/Export/Debug/Debug.bindings.h Line: 35)

>RefreshAvailableCharacterPackages [Frame: 6615] 
(Filename: ./Runtime/Export/Debug/Debug.bindings.h Line: 35)

>Addressables sprites list finished loading all assets. Time elapsed: 0.0403182  Assets loaded: '2' 
(Filename: ./Runtime/Export/Debug/Debug.bindings.h Line: 35)

>Switching control to player with idx: '1' 
(Filename: ./Runtime/Export/Debug/Debug.bindings.h Line: 35)

>Set current player controller id: 1 
(Filename: ./Runtime/Export/Debug/Debug.bindings.h Line: 35)

>Network statistics: Rtt(variance): 0(0). Since receive: 42235ms. Longest send: 0ms. Stats elapsed: 0sec.
Longest delta between Send: 0ms Dispatch: 0ms. Longest callback OnEv: 0=0ms OnResp: 0=0ms. Calls of Send: 0 Dispatch: 0. 
(Filename: ./Runtime/Export/Debug/Debug.bindings.h Line: 35)

>Photon setup:  Quick resends: 3. Max resends before disconnect: 7. 
(Filename: ./Runtime/Export/Debug/Debug.bindings.h Line: 35)

>Confirm game mode: SingleLong 
(Filename: ./Runtime/Export/Debug/Debug.bindings.h Line: 35)

>Confirm control mode: Share 
(Filename: ./Runtime/Export/Debug/Debug.bindings.h Line: 35)

>Starting event <b>prologue_1</b> of type Special 
(Filename: ./Runtime/Export/Debug/Debug.bindings.h Line: 35)

>Addressables sprites list finished loading all assets. Time elapsed: 0.0007373  Assets loaded: '1' 
(Filename: ./Runtime/Export/Debug/Debug.bindings.h Line: 35)

>PreLoaded event sprites. Event: 'prologue_1' 
(Filename: ./Runtime/Export/Debug/Debug.bindings.h Line: 35)

>DisableAllPlayers [Frame: 11865] 
(Filename: ./Runtime/Export/Debug/Debug.bindings.h Line: 35)

>RefreshAvailableCharacterPackages [Frame: 11865] 
(Filename: ./Runtime/Export/Debug/Debug.bindings.h Line: 35)

>Addressables sprites list finished loading all assets. Time elapsed: 0.0086993  Assets loaded: '8' 
(Filename: ./Runtime/Export/Debug/Debug.bindings.h Line: 35)

>EnableAllPlayers [Frame: 11936] 
(Filename: ./Runtime/Export/Debug/Debug.bindings.h Line: 35)

>DisableAvailablePlayers [Frame: 12790] 
(Filename: ./Runtime/Export/Debug/Debug.bindings.h Line: 35)

>Load SpriteAsset addressable. Path: green_bag 
(Filename: ./Runtime/Export/Debug/Debug.bindings.h Line: 35)

>Addressables sprites list finished loading all assets. Time elapsed: 0.0014876  Assets loaded: '9' 
(Filename: ./Runtime/Export/Debug/Debug.bindings.h Line: 35)

>DisableAllPlayers [Frame: 20505] 
(Filename: ./Runtime/Export/Debug/Debug.bindings.h Line: 35)

>Switching control to player with idx: '1' 
(Filename: ./Runtime/Export/Debug/Debug.bindings.h Line: 35)

>Set current player controller id: 1 
(Filename: ./Runtime/Export/Debug/Debug.bindings.h Line: 35)

>Starting event <b>prologue_2</b> of type Special 
(Filename: ./Runtime/Export/Debug/Debug.bindings.h Line: 35)

>Addressables sprites list finished loading all assets. Time elapsed: 1.4E-06  Assets loaded: '1' 
(Filename: ./Runtime/Export/Debug/Debug.bindings.h Line: 35)

>PreLoaded event sprites. Event: 'prologue_2' 
(Filename: ./Runtime/Export/Debug/Debug.bindings.h Line: 35)

>Starting event <b>prologue_3</b> of type Special 
(Filename: ./Runtime/Export/Debug/Debug.bindings.h Line: 35)

>Addressables sprites list finished loading all assets. Time elapsed: 1.6E-06  Assets loaded: '1' 
(Filename: ./Runtime/Export/Debug/Debug.bindings.h Line: 35)

>PreLoaded event sprites. Event: 'prologue_3' 
(Filename: ./Runtime/Export/Debug/Debug.bindings.h Line: 35)

>Starting event <b>prologue_joy</b> of type Special 
(Filename: ./Runtime/Export/Debug/Debug.bindings.h Line: 35)

>Addressables sprites list finished loading all assets. Time elapsed: 1.3E-06  Assets loaded: '1' 
(Filename: ./Runtime/Export/Debug/Debug.bindings.h Line: 35)

>PreLoaded event sprites. Event: 'prologue_joy' 
(Filename: ./Runtime/Export/Debug/Debug.bindings.h Line: 35)

>Starting event <b>prologue_aaravi</b> of type Special 
(Filename: ./Runtime/Export/Debug/Debug.bindings.h Line: 35)

>Addressables sprites list finished loading all assets. Time elapsed: 1.3E-06  Assets loaded: '1' 
(Filename: ./Runtime/Export/Debug/Debug.bindings.h Line: 35)

>PreLoaded event sprites. Event: 'prologue_aaravi' 
(Filename: ./Runtime/Export/Debug/Debug.bindings.h Line: 35)

>Starting event <b>prologue_calculester</b> of type Special 
(Filename: ./Runtime/Export/Debug/Debug.bindings.h Line: 35)

>Addressables sprites list finished loading all assets. Time elapsed: 1.1E-06  Assets loaded: '1' 
(Filename: ./Runtime/Export/Debug/Debug.bindings.h Line: 35)

>PreLoaded event sprites. Event: 'prologue_calculester' 
(Filename: ./Runtime/Export/Debug/Debug.bindings.h Line: 35)

>Starting event <b>prologue_dahlia</b> of type Special 
(Filename: ./Runtime/Export/Debug/Debug.bindings.h Line: 35)

>Addressables sprites list finished loading all assets. Time elapsed: 1.2E-06  Assets loaded: '1' 
(Filename: ./Runtime/Export/Debug/Debug.bindings.h Line: 35)

>PreLoaded event sprites. Event: 'prologue_dahlia' 
(Filename: ./Runtime/Export/Debug/Debug.bindings.h Line: 35)

>Starting event <b>prologue_damien</b> of type Special 
(Filename: ./Runtime/Export/Debug/Debug.bindings.h Line: 35)

>Addressables sprites list finished loading all assets. Time elapsed: 1.5E-06  Assets loaded: '1' 
(Filename: ./Runtime/Export/Debug/Debug.bindings.h Line: 35)

>PreLoaded event sprites. Event: 'prologue_damien' 
(Filename: ./Runtime/Export/Debug/Debug.bindings.h Line: 35)

>Starting event <b>prologue_milo</b> of type Special 
(Filename: ./Runtime/Export/Debug/Debug.bindings.h Line: 35)

>Addressables sprites list finished loading all assets. Time elapsed: 1.1E-06  Assets loaded: '1' 
(Filename: ./Runtime/Export/Debug/Debug.bindings.h Line: 35)

>PreLoaded event sprites. Event: 'prologue_milo' 
(Filename: ./Runtime/Export/Debug/Debug.bindings.h Line: 35)

>Starting event <b>prologue_introicebreakers</b> of type Special 
(Filename: ./Runtime/Export/Debug/Debug.bindings.h Line: 35)

>Addressables sprites list finished loading all assets. Time elapsed: 1.2E-06  Assets loaded: '1' 
(Filename: ./Runtime/Export/Debug/Debug.bindings.h Line: 35)

>PreLoaded event sprites. Event: 'prologue_introicebreakers' 
(Filename: ./Runtime/Export/Debug/Debug.bindings.h Line: 35)

>Set current player controller id: 1 
(Filename: ./Runtime/Export/Debug/Debug.bindings.h Line: 35)

>Switching control to player: 'PlayerA'  idx: 0  controller id: 1 
(Filename: ./Runtime/Export/Debug/Debug.bindings.h Line: 35)

>Set current player controller id: 1 
(Filename: ./Runtime/Export/Debug/Debug.bindings.h Line: 35)

>Switching control to player: 'PlayerA'  idx: 0  controller id: 1 
(Filename: ./Runtime/Export/Debug/Debug.bindings.h Line: 35)

>Starting the next ice breaker comment 
(Filename: ./Runtime/Export/Debug/Debug.bindings.h Line: 35)

>Load SpriteAsset addressable. Path: icon_npc_aaravi 
(Filename: ./Runtime/Export/Debug/Debug.bindings.h Line: 35)

>Load SpriteAsset addressable. Path: icon_character_green_border 
(Filename: ./Runtime/Export/Debug/Debug.bindings.h Line: 35)

>An IceBreakerComment event for aaravi and icebreaker_goals and (multiplePlayers:False) 
(Filename: ./Runtime/Export/Debug/Debug.bindings.h Line: 35)

>Set current player controller id: 1 
(Filename: ./Runtime/Export/Debug/Debug.bindings.h Line: 35)

>Switching control to player: 'PlayerA'  idx: 0  controller id: 1 
(Filename: ./Runtime/Export/Debug/Debug.bindings.h Line: 35)

>Starting event <b>ibaaravigoal1</b> of type IceBreakerComment 
(Filename: ./Runtime/Export/Debug/Debug.bindings.h Line: 35)

>Addressables sprites list finished loading all assets. Time elapsed: 0.0048749  Assets loaded: '7' 
(Filename: ./Runtime/Export/Debug/Debug.bindings.h Line: 35)

>PreLoaded event sprites. Event: 'ibaaravigoal1' 
(Filename: ./Runtime/Export/Debug/Debug.bindings.h Line: 35)

Audio item with name 'MS_loot' does not exist 
(Filename: ./Runtime/Export/Debug/Debug.bindings.h Line: 35)

Audio item with name 'HEex_bagel' does not exist 
(Filename: ./Runtime/Export/Debug/Debug.bindings.h Line: 35)

>Set current player controller id: 1 
(Filename: ./Runtime/Export/Debug/Debug.bindings.h Line: 35)

>Switching control to player: 'PlayerA'  idx: 0  controller id: 1 
(Filename: ./Runtime/Export/Debug/Debug.bindings.h Line: 35)

>All ice breaker comment played, starting final prologue event 
(Filename: ./Runtime/Export/Debug/Debug.bindings.h Line: 35)

>Starting event <b>prologue_end</b> of type Special 
(Filename: ./Runtime/Export/Debug/Debug.bindings.h Line: 35)

>Addressables sprites list finished loading all assets. Time elapsed: 1.6E-06  Assets loaded: '1' 
(Filename: ./Runtime/Export/Debug/Debug.bindings.h Line: 35)

>PreLoaded event sprites. Event: 'prologue_end' 
(Filename: ./Runtime/Export/Debug/Debug.bindings.h Line: 35)

>SceneLoader > Loading MainGame 
(Filename: ./Runtime/Export/Debug/Debug.bindings.h Line: 35)

>InitializeLoadedScene > Start [Frame: 42968] 
(Filename: ./Runtime/Export/Debug/Debug.bindings.h Line: 35)

>InitializeLoadedScene > Update Unlockables 
(Filename: ./Runtime/Export/Debug/Debug.bindings.h Line: 35)

>InitializeLoadedScene > Scene initialized 
(Filename: ./Runtime/Export/Debug/Debug.bindings.h Line: 35)

>InitializeLoadedScene > Start [Frame: 43148] 
(Filename: ./Runtime/Export/Debug/Debug.bindings.h Line: 35)

>InitializeLoadedScene > Update Unlockables 
(Filename: ./Runtime/Export/Debug/Debug.bindings.h Line: 35)

>InitializeLoadedScene > Scene initialized 
(Filename: ./Runtime/Export/Debug/Debug.bindings.h Line: 35)

>StartGlobalTurn (0) [Frame: 43148] 
(Filename: ./Runtime/Export/Debug/Debug.bindings.h Line: 35)

>Set current player controller id: 1 
(Filename: ./Runtime/Export/Debug/Debug.bindings.h Line: 35)

>StartGlobalTurnCamp [Frame: 43148] 
(Filename: ./Runtime/Export/Debug/Debug.bindings.h Line: 35)

>Updating last location to None 
(Filename: ./Runtime/Export/Debug/Debug.bindings.h Line: 35)

>StartPlayerTurn [Frame: 43148] 
(Filename: ./Runtime/Export/Debug/Debug.bindings.h Line: 35)

>Set current player controller id: 1 
(Filename: ./Runtime/Export/Debug/Debug.bindings.h Line: 35)

>Updating last location to None 
(Filename: ./Runtime/Export/Debug/Debug.bindings.h Line: 35)

>Set time info. Week: '1' Time: 'Morning' 
(Filename: ./Runtime/Export/Debug/Debug.bindings.h Line: 35)

You can't place widgets on a layer different than the UIPanel that manages them.
If you want to move widgets to a different layer, parent them to a new panel instead. 
(Filename: ./Runtime/Export/Debug/Debug.bindings.h Line: 35)

>Network statistics: Rtt(variance): 0(0). Since receive: 297619ms. Longest send: 0ms. Stats elapsed: 255sec.
Longest delta between Send: 117ms Dispatch: 117ms. Longest callback OnEv: 0=0ms OnResp: 0=0ms. Calls of Send: 5253 Dispatch: 12775. 
(Filename: ./Runtime/Export/Debug/Debug.bindings.h Line: 35)

>Photon setup:  Quick resends: 3. Max resends before disconnect: 7. 
(Filename: ./Runtime/Export/Debug/Debug.bindings.h Line: 35)

You can't place widgets on a layer different than the UIPanel that manages them.
If you want to move widgets to a different layer, parent them to a new panel instead. 
(Filename: ./Runtime/Export/Debug/Debug.bindings.h Line: 35)

You can't place widgets on a layer different than the UIPanel that manages them.
If you want to move widgets to a different layer, parent them to a new panel instead. 
(Filename: ./Runtime/Export/Debug/Debug.bindings.h Line: 35)

You can't place widgets on a layer different than the UIPanel that manages them.
If you want to move widgets to a different layer, parent them to a new panel instead. 
(Filename: ./Runtime/Export/Debug/Debug.bindings.h Line: 35)

You can't place widgets on a layer different than the UIPanel that manages them.
If you want to move widgets to a different layer, parent them to a new panel instead. 
(Filename: ./Runtime/Export/Debug/Debug.bindings.h Line: 35)

You can't place widgets on a layer different than the UIPanel that manages them.
If you want to move widgets to a different layer, parent them to a new panel instead. 
(Filename: ./Runtime/Export/Debug/Debug.bindings.h Line: 35)

You can't place widgets on a layer different than the UIPanel that manages them.
If you want to move widgets to a different layer, parent them to a new panel instead. 
(Filename: ./Runtime/Export/Debug/Debug.bindings.h Line: 35)

You can't place widgets on a layer different than the UIPanel that manages them.
If you want to move widgets to a different layer, parent them to a new panel instead. 
(Filename: ./Runtime/Export/Debug/Debug.bindings.h Line: 35)

You can't place widgets on a layer different than the UIPanel that manages them.
If you want to move widgets to a different layer, parent them to a new panel instead. 
(Filename: ./Runtime/Export/Debug/Debug.bindings.h Line: 35)

You can't place widgets on a layer different than the UIPanel that manages them.
If you want to move widgets to a different layer, parent them to a new panel instead. 
(Filename: ./Runtime/Export/Debug/Debug.bindings.h Line: 35)

You can't place widgets on a layer different than the UIPanel that manages them.
If you want to move widgets to a different layer, parent them to a new panel instead. 
(Filename: ./Runtime/Export/Debug/Debug.bindings.h Line: 35)

You can't place widgets on a layer different than the UIPanel that manages them.
If you want to move widgets to a different layer, parent them to a new panel instead. 
(Filename: ./Runtime/Export/Debug/Debug.bindings.h Line: 35)

You can't place widgets on a layer different than the UIPanel that manages them.
If you want to move widgets to a different layer, parent them to a new panel instead. 
(Filename: ./Runtime/Export/Debug/Debug.bindings.h Line: 35)

You can't place widgets on a layer different than the UIPanel that manages them.
If you want to move widgets to a different layer, parent them to a new panel instead. 
(Filename: ./Runtime/Export/Debug/Debug.bindings.h Line: 35)

You can't place widgets on a layer different than the UIPanel that manages them.
If you want to move widgets to a different layer, parent them to a new panel instead. 
(Filename: ./Runtime/Export/Debug/Debug.bindings.h Line: 35)

You can't place widgets on a layer different than the UIPanel that manages them.
If you want to move widgets to a different layer, parent them to a new panel instead. 
(Filename: ./Runtime/Export/Debug/Debug.bindings.h Line: 35)

You can't place widgets on a layer different than the UIPanel that manages them.
If you want to move widgets to a different layer, parent them to a new panel instead. 
(Filename: ./Runtime/Export/Debug/Debug.bindings.h Line: 35)

You can't place widgets on a layer different than the UIPanel that manages them.
If you want to move widgets to a different layer, parent them to a new panel instead. 
(Filename: ./Runtime/Export/Debug/Debug.bindings.h Line: 35)

You can't place widgets on a layer different than the UIPanel that manages them.
If you want to move widgets to a different layer, parent them to a new panel instead. 
(Filename: ./Runtime/Export/Debug/Debug.bindings.h Line: 35)

>Play song: MonsterTsunami 
(Filename: ./Runtime/Export/Debug/Debug.bindings.h Line: 35)

>Starting event <b>standard_scouthq10</b> of type Standard - Turn: 1 - Player: PlayerA - Frame: 51711 
(Filename: ./Runtime/Export/Debug/Debug.bindings.h Line: 35)

>Addressables sprites list finished loading all assets. Time elapsed: 0.0024449  Assets loaded: '3' 
(Filename: ./Runtime/Export/Debug/Debug.bindings.h Line: 35)

>PreLoaded event sprites. Event: 'standard_scouthq10' 
(Filename: ./Runtime/Export/Debug/Debug.bindings.h Line: 35)

>Starting event <b>animaltrapwilder</b> of type Normal - Turn: 1 - Player: PlayerA - Frame: 54822 
(Filename: ./Runtime/Export/Debug/Debug.bindings.h Line: 35)

>Addressables sprites list finished loading all assets. Time elapsed: 0.3842808  Assets loaded: '44' 
(Filename: ./Runtime/Export/Debug/Debug.bindings.h Line: 35)

>PreLoaded event sprites. Event: 'animaltrapwilder' 
(Filename: ./Runtime/Export/Debug/Debug.bindings.h Line: 35)

>AdvancePlayerTurn [Frame: 80533] 
(Filename: ./Runtime/Export/Debug/Debug.bindings.h Line: 35)

>AdvanceGlobalTurn [Frame: 80533] 
(Filename: ./Runtime/Export/Debug/Debug.bindings.h Line: 35)

>StartGlobalTurn (1) [Frame: 80533] 
(Filename: ./Runtime/Export/Debug/Debug.bindings.h Line: 35)

>Set current player controller id: 1 
(Filename: ./Runtime/Export/Debug/Debug.bindings.h Line: 35)

>StartGlobalTurnCamp [Frame: 80533] 
(Filename: ./Runtime/Export/Debug/Debug.bindings.h Line: 35)

>Updating last location to None 
(Filename: ./Runtime/Export/Debug/Debug.bindings.h Line: 35)

>Play song: ShadySeagull 
(Filename: ./Runtime/Export/Debug/Debug.bindings.h Line: 35)

>StartPlayerTurn [Frame: 81254] 
(Filename: ./Runtime/Export/Debug/Debug.bindings.h Line: 35)

>Set current player controller id: 1 
(Filename: ./Runtime/Export/Debug/Debug.bindings.h Line: 35)

>Updating last location to None 
(Filename: ./Runtime/Export/Debug/Debug.bindings.h Line: 35)

>Set time info. Week: '1' Time: 'Evening' 
(Filename: ./Runtime/Export/Debug/Debug.bindings.h Line: 35)

>Starting event <b>standard_woods7</b> of type Standard - Turn: 2 - Player: PlayerA - Frame: 82588 
(Filename: ./Runtime/Export/Debug/Debug.bindings.h Line: 35)

>Addressables sprites list finished loading all assets. Time elapsed: 0.0305009  Assets loaded: '3' 
(Filename: ./Runtime/Export/Debug/Debug.bindings.h Line: 35)

>PreLoaded event sprites. Event: 'standard_woods7' 
(Filename: ./Runtime/Export/Debug/Debug.bindings.h Line: 35)

>WARN Unable to parse Stat Change: +10 BERRIES  
(Filename: ./Runtime/Export/Debug/Debug.bindings.h Line: 35)

>WARN Unable to parse Stat Change: +2 STAMINA, 
(Filename: ./Runtime/Export/Debug/Debug.bindings.h Line: 35)

>Starting event <b>pizzarightaddress</b> of type Normal - Turn: 2 - Player: PlayerA - Frame: 86296 
(Filename: ./Runtime/Export/Debug/Debug.bindings.h Line: 35)

>Addressables sprites list finished loading all assets. Time elapsed: 0.373237  Assets loaded: '58' 
(Filename: ./Runtime/Export/Debug/Debug.bindings.h Line: 35)

>PreLoaded event sprites. Event: 'pizzarightaddress' 
(Filename: ./Runtime/Export/Debug/Debug.bindings.h Line: 35)

>Saving settings... 
(Filename: ./Runtime/Export/Debug/Debug.bindings.h Line: 35)

>Succesfully written settings in Player Prefs. 
(Filename: ./Runtime/Export/Debug/Debug.bindings.h Line: 35)

>Saving settings... 
(Filename: ./Runtime/Export/Debug/Debug.bindings.h Line: 35)

>Succesfully written settings in Player Prefs. 
(Filename: ./Runtime/Export/Debug/Debug.bindings.h Line: 35)

>Saving settings... 
(Filename: ./Runtime/Export/Debug/Debug.bindings.h Line: 35)

>Succesfully written settings in Player Prefs. 
(Filename: ./Runtime/Export/Debug/Debug.bindings.h Line: 35)

>Saving settings... 
(Filename: ./Runtime/Export/Debug/Debug.bindings.h Line: 35)

>Succesfully written settings in Player Prefs. 
(Filename: ./Runtime/Export/Debug/Debug.bindings.h Line: 35)

>AdvancePlayerTurn [Frame: 120896] 
(Filename: ./Runtime/Export/Debug/Debug.bindings.h Line: 35)

>AdvanceGlobalTurn [Frame: 120896] 
(Filename: ./Runtime/Export/Debug/Debug.bindings.h Line: 35)

>StartGlobalTurn (2) [Frame: 120896] 
(Filename: ./Runtime/Export/Debug/Debug.bindings.h Line: 35)

>Set current player controller id: 1 
(Filename: ./Runtime/Export/Debug/Debug.bindings.h Line: 35)

>StartGlobalTurnCampfire [Frame: 120896] 
(Filename: ./Runtime/Export/Debug/Debug.bindings.h Line: 35)

>Addressables sprites list finished loading all assets. Time elapsed: 0.0807269  Assets loaded: '7' 
(Filename: ./Runtime/Export/Debug/Debug.bindings.h Line: 35)

>Play song: SwitchHunt 
(Filename: ./Runtime/Export/Debug/Debug.bindings.h Line: 35)

>StartPlayerTurn [Frame: 121608] 
(Filename: ./Runtime/Export/Debug/Debug.bindings.h Line: 35)

>Set current player controller id: 1 
(Filename: ./Runtime/Export/Debug/Debug.bindings.h Line: 35)

>Set time info. Week: '1' Time: 'Night' 
(Filename: ./Runtime/Export/Debug/Debug.bindings.h Line: 35)

>ConfirmCampfireLocationNormal [Frame: 124345] 
(Filename: ./Runtime/Export/Debug/Debug.bindings.h Line: 35)

>Starting event <b>covenquiz</b> of type Campfire - Turn: 3 - Player: PlayerA - Frame: 124345 
(Filename: ./Runtime/Export/Debug/Debug.bindings.h Line: 35)

>Addressables sprites list finished loading all assets. Time elapsed: 0.2622209  Assets loaded: '26' 
(Filename: ./Runtime/Export/Debug/Debug.bindings.h Line: 35)

>PreLoaded event sprites. Event: 'covenquiz' 
(Filename: ./Runtime/Export/Debug/Debug.bindings.h Line: 35)

>AdvancePlayerTurn [Frame: 153586] 
(Filename: ./Runtime/Export/Debug/Debug.bindings.h Line: 35)

>AdvanceGlobalTurn [Frame: 153586] 
(Filename: ./Runtime/Export/Debug/Debug.bindings.h Line: 35)

>StartGlobalTurn (3) [Frame: 153586] 
(Filename: ./Runtime/Export/Debug/Debug.bindings.h Line: 35)

>Set current player controller id: 1 
(Filename: ./Runtime/Export/Debug/Debug.bindings.h Line: 35)

>StartGlobalTurnCamp [Frame: 153586] 
(Filename: ./Runtime/Export/Debug/Debug.bindings.h Line: 35)

>Updating last location to None 
(Filename: ./Runtime/Export/Debug/Debug.bindings.h Line: 35)

>Play song: RottenRoots 
(Filename: ./Runtime/Export/Debug/Debug.bindings.h Line: 35)

>StartPlayerTurn [Frame: 154309] 
(Filename: ./Runtime/Export/Debug/Debug.bindings.h Line: 35)

>Set current player controller id: 1 
(Filename: ./Runtime/Export/Debug/Debug.bindings.h Line: 35)

>Updating last location to None 
(Filename: ./Runtime/Export/Debug/Debug.bindings.h Line: 35)

>Set time info. Week: '2' Time: 'Morning' 
(Filename: ./Runtime/Export/Debug/Debug.bindings.h Line: 35)

Audio item with name 'BR_brainssnacks' does not exist 
(Filename: ./Runtime/Export/Debug/Debug.bindings.h Line: 35)

>Starting event <b>standard_dome11</b> of type Standard - Turn: 4 - Player: PlayerA - Frame: 155966 
(Filename: ./Runtime/Export/Debug/Debug.bindings.h Line: 35)

>Addressables sprites list finished loading all assets. Time elapsed: 0.030293  Assets loaded: '3' 
(Filename: ./Runtime/Export/Debug/Debug.bindings.h Line: 35)

>PreLoaded event sprites. Event: 'standard_dome11' 
(Filename: ./Runtime/Export/Debug/Debug.bindings.h Line: 35)

>Starting event <b>hobby1-flyakite</b> of type Normal - Turn: 4 - Player: PlayerA - Frame: 161479 
(Filename: ./Runtime/Export/Debug/Debug.bindings.h Line: 35)

>Addressables sprites list finished loading all assets. Time elapsed: 0.1412892  Assets loaded: '36' 
(Filename: ./Runtime/Export/Debug/Debug.bindings.h Line: 35)

>PreLoaded event sprites. Event: 'hobby1-flyakite' 
(Filename: ./Runtime/Export/Debug/Debug.bindings.h Line: 35)

>AdvancePlayerTurn [Frame: 185955] 
(Filename: ./Runtime/Export/Debug/Debug.bindings.h Line: 35)

>AdvanceGlobalTurn [Frame: 185955] 
(Filename: ./Runtime/Export/Debug/Debug.bindings.h Line: 35)

>StartGlobalTurn (4) [Frame: 185955] 
(Filename: ./Runtime/Export/Debug/Debug.bindings.h Line: 35)

>Set current player controller id: 1 
(Filename: ./Runtime/Export/Debug/Debug.bindings.h Line: 35)

>StartGlobalTurnCamp [Frame: 185955] 
(Filename: ./Runtime/Export/Debug/Debug.bindings.h Line: 35)

>Updating last location to None 
(Filename: ./Runtime/Export/Debug/Debug.bindings.h Line: 35)

>Play song: RebelWeep 
(Filename: ./Runtime/Export/Debug/Debug.bindings.h Line: 35)

>StartPlayerTurn [Frame: 186677] 
(Filename: ./Runtime/Export/Debug/Debug.bindings.h Line: 35)

>Set current player controller id: 1 
(Filename: ./Runtime/Export/Debug/Debug.bindings.h Line: 35)

>Updating last location to None 
(Filename: ./Runtime/Export/Debug/Debug.bindings.h Line: 35)

>Set time info. Week: '2' Time: 'Evening' 
(Filename: ./Runtime/Export/Debug/Debug.bindings.h Line: 35)

>Starting event <b>standard_manor12</b> of type Standard - Turn: 5 - Player: PlayerA - Frame: 188556 
(Filename: ./Runtime/Export/Debug/Debug.bindings.h Line: 35)

>Addressables sprites list finished loading all assets. Time elapsed: 0.0303118  Assets loaded: '3' 
(Filename: ./Runtime/Export/Debug/Debug.bindings.h Line: 35)

>PreLoaded event sprites. Event: 'standard_manor12' 
(Filename: ./Runtime/Export/Debug/Debug.bindings.h Line: 35)

>Starting event <b>bp_aaraviorhex1</b> of type Big_Plotline - Turn: 5 - Player: PlayerA - Frame: 192371 
(Filename: ./Runtime/Export/Debug/Debug.bindings.h Line: 35)

>Addressables sprites list finished loading all assets. Time elapsed: 0.0202002  Assets loaded: '27' 
(Filename: ./Runtime/Export/Debug/Debug.bindings.h Line: 35)

>PreLoaded event sprites. Event: 'bp_aaraviorhex1' 
(Filename: ./Runtime/Export/Debug/Debug.bindings.h Line: 35)

>AdvancePlayerTurn [Frame: 223479] 
(Filename: ./Runtime/Export/Debug/Debug.bindings.h Line: 35)

>AdvanceGlobalTurn [Frame: 223479] 
(Filename: ./Runtime/Export/Debug/Debug.bindings.h Line: 35)

>StartGlobalTurn (5) [Frame: 223479] 
(Filename: ./Runtime/Export/Debug/Debug.bindings.h Line: 35)

>Set current player controller id: 1 
(Filename: ./Runtime/Export/Debug/Debug.bindings.h Line: 35)

>StartGlobalTurnCampfire [Frame: 223479] 
(Filename: ./Runtime/Export/Debug/Debug.bindings.h Line: 35)

>Addressables sprites list finished loading all assets. Time elapsed: 2.6E-06  Assets loaded: '7' 
(Filename: ./Runtime/Export/Debug/Debug.bindings.h Line: 35)

>Play song: GremmieYowlingCrew 
(Filename: ./Runtime/Export/Debug/Debug.bindings.h Line: 35)

>StartPlayerTurn [Frame: 224190] 
(Filename: ./Runtime/Export/Debug/Debug.bindings.h Line: 35)

>Set current player controller id: 1 
(Filename: ./Runtime/Export/Debug/Debug.bindings.h Line: 35)

>Set time info. Week: '2' Time: 'Night' 
(Filename: ./Runtime/Export/Debug/Debug.bindings.h Line: 35)

>ConfirmCampfireLocationNormal [Frame: 225590] 
(Filename: ./Runtime/Export/Debug/Debug.bindings.h Line: 35)

>Starting event <b>nextvillain1</b> of type Campfire - Turn: 6 - Player: PlayerA - Frame: 225590 
(Filename: ./Runtime/Export/Debug/Debug.bindings.h Line: 35)

>Addressables sprites list finished loading all assets. Time elapsed: 4.6E-06  Assets loaded: '22' 
(Filename: ./Runtime/Export/Debug/Debug.bindings.h Line: 35)

>PreLoaded event sprites. Event: 'nextvillain1' 
(Filename: ./Runtime/Export/Debug/Debug.bindings.h Line: 35)

>Return to title through PauseMenu 
(Filename: ./Runtime/Export/Debug/Debug.bindings.h Line: 35)

>Saving progress... 
(Filename: ./Runtime/Export/Debug/Debug.bindings.h Line: 35)

>SavingProgress... Generate XML file now. 
(Filename: ./Runtime/Export/Debug/Debug.bindings.h Line: 35)

>GenerateXMLFile 
(Filename: ./Runtime/Export/Debug/Debug.bindings.h Line: 35)

>Started populating progress xml data 
(Filename: ./Runtime/Export/Debug/Debug.bindings.h Line: 35)

>Finished populating progress xml data 
(Filename: ./Runtime/Export/Debug/Debug.bindings.h Line: 35)

>SavingProgress... XML file generated. 
(Filename: ./Runtime/Export/Debug/Debug.bindings.h Line: 35)

>SavingProgress... Encrypt XML file now. 
(Filename: ./Runtime/Export/Debug/Debug.bindings.h Line: 35)

>SavingProgress... XML file encrypted. 
(Filename: ./Runtime/Export/Debug/Debug.bindings.h Line: 35)

>Saved temp progress file: /home/jm/.local/share/Steam/steamapps/common/Monster Prom 2 - Monster Camp/MonsterCamp_Data/../UserData/../UserData/76561198032524950_tmp_20240707_204706.xml 
(Filename: ./Runtime/Export/Debug/Debug.bindings.h Line: 35)

>TryLoadingXMLFile > Expecting an encrypted save file. 
(Filename: ./Runtime/Export/Debug/Debug.bindings.h Line: 35)

>TryLoadEncrypted 
(Filename: ./Runtime/Export/Debug/Debug.bindings.h Line: 35)

>Loading Progress... Has decrypted XML file: /home/jm/.local/share/Steam/steamapps/common/Monster Prom 2 - Monster Camp/MonsterCamp_Data/../UserData/../UserData/76561198032524950_tmp_20240707_204706.xml 
(Filename: ./Runtime/Export/Debug/Debug.bindings.h Line: 35)

>Loading Progress... Try loading decrypted XML file now: /home/jm/.local/share/Steam/steamapps/common/Monster Prom 2 - Monster Camp/MonsterCamp_Data/../UserData/../UserData/76561198032524950_tmp_20240707_204706.xml 
(Filename: ./Runtime/Export/Debug/Debug.bindings.h Line: 35)

>Loaded temp save file correctly, save it as final. 
(Filename: ./Runtime/Export/Debug/Debug.bindings.h Line: 35)

>Saved file correctly: /home/jm/.local/share/Steam/steamapps/common/Monster Prom 2 - Monster Camp/MonsterCamp_Data/../UserData/../UserData/76561198032524950_GameProgress000002.xml 
(Filename: ./Runtime/Export/Debug/Debug.bindings.h Line: 35)

>SaveDataManager.CheckSaveDataFilesLimits 
(Filename: ./Runtime/Export/Debug/Debug.bindings.h Line: 35)

>SceneLoader > Loading Title 
(Filename: ./Runtime/Export/Debug/Debug.bindings.h Line: 35)

>InitializeLoadedScene > Start [Frame: 348347] 
(Filename: ./Runtime/Export/Debug/Debug.bindings.h Line: 35)

>InitializeLoadedScene > Update Unlockables 
(Filename: ./Runtime/Export/Debug/Debug.bindings.h Line: 35)

>InitializeLoadedScene > Scene initialized 
(Filename: ./Runtime/Export/Debug/Debug.bindings.h Line: 35)

You can't place widgets on a layer different than the UIPanel that manages them.
If you want to move widgets to a different layer, parent them to a new panel instead. 
(Filename: ./Runtime/Export/Debug/Debug.bindings.h Line: 35)

>InitializeLoadedScene > Start [Frame: 348499] 
(Filename: ./Runtime/Export/Debug/Debug.bindings.h Line: 35)

>InitializeLoadedScene > Update Unlockables 
(Filename: ./Runtime/Export/Debug/Debug.bindings.h Line: 35)

>Reset current player controller id to -1 
(Filename: ./Runtime/Export/Debug/Debug.bindings.h Line: 35)

>Play song: BiteYourCrush 
(Filename: ./Runtime/Export/Debug/Debug.bindings.h Line: 35)

>InitializeLoadedScene > Scene initialized 
(Filename: ./Runtime/Export/Debug/Debug.bindings.h Line: 35)

>Title > Clearing GameSession state 
(Filename: ./Runtime/Export/Debug/Debug.bindings.h Line: 35)

>Title > Has unlockables to notify. 
(Filename: ./Runtime/Export/Debug/Debug.bindings.h Line: 35)

>True path does not match path! True path: cofibeatstorelaxstudyto Path: game_assets/drinks/cofibeatstorelaxstudyto 
(Filename: ./Runtime/Export/Debug/Debug.bindings.h Line: 35)

>Load SpriteAsset addressable. Path: cofibeatstorelaxstudyto 
(Filename: ./Runtime/Export/Debug/Debug.bindings.h Line: 35)

>WARN Already fading out 
(Filename: ./Runtime/Export/Debug/Debug.bindings.h Line: 35)

>Title > Fade in main buttons (instant: True). 
(Filename: ./Runtime/Export/Debug/Debug.bindings.h Line: 35)

>GeneralManager OnApplicationQuit [Frame: 349094] 
(Filename: ./Runtime/Export/Debug/Debug.bindings.h Line: 35)

>Application Exit Detected 
(Filename: ./Runtime/Export/Debug/Debug.bindings.h Line: 35)

>Saving progress... 
(Filename: ./Runtime/Export/Debug/Debug.bindings.h Line: 35)

>SavingProgress... Generate XML file now. 
(Filename: ./Runtime/Export/Debug/Debug.bindings.h Line: 35)

>GenerateXMLFile 
(Filename: ./Runtime/Export/Debug/Debug.bindings.h Line: 35)

>Started populating progress xml data 
(Filename: ./Runtime/Export/Debug/Debug.bindings.h Line: 35)

>Finished populating progress xml data 
(Filename: ./Runtime/Export/Debug/Debug.bindings.h Line: 35)

>SavingProgress... XML file generated. 
(Filename: ./Runtime/Export/Debug/Debug.bindings.h Line: 35)

>SavingProgress... Encrypt XML file now. 
(Filename: ./Runtime/Export/Debug/Debug.bindings.h Line: 35)

>SavingProgress... XML file encrypted. 
(Filename: ./Runtime/Export/Debug/Debug.bindings.h Line: 35)

>Saved temp progress file: /home/jm/.local/share/Steam/steamapps/common/Monster Prom 2 - Monster Camp/MonsterCamp_Data/../UserData/../UserData/76561198032524950_tmp_20240707_204713.xml 
(Filename: ./Runtime/Export/Debug/Debug.bindings.h Line: 35)

>TryLoadingXMLFile > Expecting an encrypted save file. 
(Filename: ./Runtime/Export/Debug/Debug.bindings.h Line: 35)

>TryLoadEncrypted 
(Filename: ./Runtime/Export/Debug/Debug.bindings.h Line: 35)

>Loading Progress... Has decrypted XML file: /home/jm/.local/share/Steam/steamapps/common/Monster Prom 2 - Monster Camp/MonsterCamp_Data/../UserData/../UserData/76561198032524950_tmp_20240707_204713.xml 
(Filename: ./Runtime/Export/Debug/Debug.bindings.h Line: 35)

>Loading Progress... Try loading decrypted XML file now: /home/jm/.local/share/Steam/steamapps/common/Monster Prom 2 - Monster Camp/MonsterCamp_Data/../UserData/../UserData/76561198032524950_tmp_20240707_204713.xml 
(Filename: ./Runtime/Export/Debug/Debug.bindings.h Line: 35)

>Loaded temp save file correctly, save it as final. 
(Filename: ./Runtime/Export/Debug/Debug.bindings.h Line: 35)

>Saved file correctly: /home/jm/.local/share/Steam/steamapps/common/Monster Prom 2 - Monster Camp/MonsterCamp_Data/../UserData/../UserData/76561198032524950_GameProgress000003.xml 
(Filename: ./Runtime/Export/Debug/Debug.bindings.h Line: 35)

>SaveDataManager.CheckSaveDataFilesLimits 
(Filename: ./Runtime/Export/Debug/Debug.bindings.h Line: 35)

Setting up 12 worker threads for Enlighten.
  Thread -> id: 74affda006c0 -> priority: 1 
  Thread -> id: 74affd0006c0 -> priority: 1 
  Thread -> id: 74aff3e006c0 -> priority: 1 
  Thread -> id: 74aff34006c0 -> priority: 1 
  Thread -> id: 74aff2a006c0 -> priority: 1 
  Thread -> id: 74aff20006c0 -> priority: 1 
  Thread -> id: 74aff16006c0 -> priority: 1 
  Thread -> id: 74aff0c006c0 -> priority: 1 
  Thread -> id: 74afdfe006c0 -> priority: 1 
  Thread -> id: 74afdf4006c0 -> priority: 1 
  Thread -> id: 74afdea006c0 -> priority: 1 
  Thread -> id: 74afde0006c0 -> priority: 1 
