2024-01-08 15:20:10.311 [info] Added views:workbench.panel.markers.view in workbench.panel.markers
2024-01-08 15:20:10.311 [info] Added views:workbench.panel.output in workbench.panel.output
2024-01-08 15:20:10.311 [info] Added views:terminal in terminal
2024-01-08 15:20:10.311 [info] Added views:outline in workbench.view.explorer
2024-01-08 15:20:10.311 [info] Added views:workbench.scm in workbench.view.scm
2024-01-08 15:20:10.311 [info] Added views:workbench.view.search in workbench.view.search
2024-01-08 15:20:10.311 [info] Added views:timeline in workbench.view.explorer
2024-01-08 15:20:10.311 [info] Added views:workbench.explorer.emptyView in workbench.view.explorer
2024-01-08 15:20:10.681 [info] Added views:workbench.debug.variablesView,workbench.debug.watchExpressionsView,workbench.debug.callStackView,workbench.debug.breakPointsView in workbench.view.debug
2024-01-08 15:20:10.701 [info] Added views:workbench.panel.repl.view in workbench.panel.repl
2024-01-08 15:20:10.702 [info] Removed views:workbench.debug.breakPointsView,workbench.debug.callStackView,workbench.debug.watchExpressionsView,workbench.debug.variablesView from workbench.view.debug
2024-01-08 15:20:10.702 [info] Added views:workbench.debug.welcome in workbench.view.debug
2024-01-08 15:20:10.753 [info] Added views:~remote.forwardedPorts in ~remote.forwardedPortsContainer
2024-01-08 15:21:15.256 [info] Added views:workbench.panel.markers.view in workbench.panel.markers
2024-01-08 15:21:15.256 [info] Added views:workbench.panel.output in workbench.panel.output
2024-01-08 15:21:15.256 [info] Added views:terminal in terminal
2024-01-08 15:21:15.256 [info] Added views:outline in workbench.view.explorer
2024-01-08 15:21:15.256 [info] Added views:workbench.scm in workbench.view.scm
2024-01-08 15:21:15.256 [info] Added views:workbench.view.search in workbench.view.search
2024-01-08 15:21:15.256 [info] Added views:timeline in workbench.view.explorer
2024-01-08 15:21:15.256 [info] Added views:workbench.explorer.fileView in workbench.view.explorer
2024-01-08 15:21:15.345 [info] Added views:workbench.debug.variablesView,workbench.debug.watchExpressionsView,workbench.debug.callStackView,workbench.debug.breakPointsView in workbench.view.debug
2024-01-08 15:21:15.451 [info] Added views:~remote.forwardedPorts in ~remote.forwardedPortsContainer
2024-01-08 15:21:15.520 [info] Added views:workbench.panel.repl.view in workbench.panel.repl
2024-01-08 15:21:31.200 [info] Added views:workbench.views.extensions.installed,workbench.views.extensions.popular,extensions.recommendedList in workbench.view.extensions
2024-01-08 15:21:31.202 [info] Removed views:workbench.views.extensions.popular from workbench.view.extensions
2024-01-08 15:21:31.387 [info] Added views:workbench.views.extensions.popular in workbench.view.extensions
2024-01-08 15:21:31.771 [info] Removed views:extensions.recommendedList,workbench.views.extensions.popular,workbench.views.extensions.installed from workbench.view.extensions
2024-01-08 15:21:31.777 [info] Added views:workbench.views.extensions.workspaceRecommendations,workbench.views.extensions.otherRecommendations in workbench.view.extensions
2024-01-08 15:25:54.829 [info] Removed views:workbench.views.extensions.otherRecommendations,workbench.views.extensions.workspaceRecommendations from workbench.view.extensions
2024-01-08 15:25:54.836 [info] Added views:workbench.views.extensions.marketplace in workbench.view.extensions
