2024-01-08 15:20:10.818 [info] Log level: Info
2024-01-08 15:20:10.818 [info] Validating found git in: "git"
2024-01-08 15:20:10.818 [info] Using git "2.43.0" from "git"
2024-01-08 15:21:20.452 [info] Log level: Info
2024-01-08 15:21:20.452 [info] Validating found git in: "git"
2024-01-08 15:21:20.452 [info] Using git "2.43.0" from "git"
2024-01-08 15:21:20.452 [info] > git rev-parse --show-toplevel [3ms]
2024-01-08 15:21:20.458 [info] > git rev-parse --show-toplevel [1ms]
2024-01-08 15:21:20.464 [info] > git rev-parse --show-toplevel [1ms]
2024-01-08 15:21:37.800 [info] > git rev-parse --show-toplevel [1ms]
2024-01-08 15:22:01.759 [info] > git rev-parse --show-toplevel [0ms]
2024-01-08 15:22:01.764 [info] > git rev-parse --git-dir --git-common-dir [1ms]
2024-01-08 15:22:01.771 [info] Open repository: /home/jm/Projects/profesional/aria/aria-dashboard
2024-01-08 15:22:01.779 [info] > git config --get commit.template [1ms]
2024-01-08 15:22:01.797 [info] > git for-each-ref --format=%(refname)%00%(upstream:short)%00%(objectname)%00%(upstream:track)%00%(upstream:remotename)%00%(upstream:remoteref) refs/heads/main refs/remotes/main [13ms]
2024-01-08 15:22:01.802 [warning] ENOENT: no such file or directory, open '/home/jm/Projects/profesional/aria/aria-dashboard/.git/refs/remotes/origin/main'
2024-01-08 15:22:01.802 [info] > git rev-parse refs/remotes/origin/main [1ms]
2024-01-08 15:22:01.809 [info] > git status -z -uall [2ms]
2024-01-08 15:22:01.819 [info] > git config --get commit.template [1ms]
2024-01-08 15:22:01.862 [info] > git for-each-ref --format=%(refname)%00%(upstream:short)%00%(objectname)%00%(upstream:track)%00%(upstream:remotename)%00%(upstream:remoteref) refs/heads/main refs/remotes/main [2ms]
2024-01-08 15:22:01.866 [warning] ENOENT: no such file or directory, open '/home/jm/Projects/profesional/aria/aria-dashboard/.git/refs/remotes/origin/main'
2024-01-08 15:22:01.867 [info] > git rev-parse refs/remotes/origin/main [1ms]
2024-01-08 15:22:01.874 [info] > git status -z -uall [2ms]
2024-01-08 15:22:06.582 [info] > git check-ignore -v -z --stdin [1ms]
2024-01-08 15:22:13.367 [info] > git check-ignore -v -z --stdin [1ms]
2024-01-08 15:22:36.795 [info] > git check-ignore -v -z --stdin [1ms]
2024-01-08 15:23:25.673 [info] > git config --get commit.template [2ms]
2024-01-08 15:23:25.683 [info] > git for-each-ref --format=%(refname)%00%(upstream:short)%00%(objectname)%00%(upstream:track)%00%(upstream:remotename)%00%(upstream:remoteref) refs/heads/main refs/remotes/main [3ms]
2024-01-08 15:23:25.688 [warning] ENOENT: no such file or directory, open '/home/jm/Projects/profesional/aria/aria-dashboard/.git/refs/remotes/origin/main'
2024-01-08 15:23:25.689 [info] > git rev-parse refs/remotes/origin/main [1ms]
2024-01-08 15:23:25.696 [info] > git status -z -uall [2ms]
2024-01-08 15:23:36.350 [info] > git show --textconv :dashboard-main/.vscode/launch.json [7ms]
2024-01-08 15:23:36.351 [info] > git ls-files --stage -- /home/jm/Projects/profesional/aria/aria-dashboard/dashboard-main/.vscode/launch.json [2ms]
2024-01-08 15:23:36.357 [info] > git cat-file -s 925af837050a4abe679c5fea0df7e41faf6fc011 [1ms]
2024-01-08 15:23:36.611 [info] > git check-ignore -v -z --stdin [2ms]
2024-01-08 15:24:02.687 [info] > git config --get commit.template [7ms]
2024-01-08 15:24:02.688 [info] > git for-each-ref --format=%(refname)%00%(upstream:short)%00%(objectname)%00%(upstream:track)%00%(upstream:remotename)%00%(upstream:remoteref) refs/heads/main refs/remotes/main [2ms]
2024-01-08 15:24:02.694 [warning] ENOENT: no such file or directory, open '/home/jm/Projects/profesional/aria/aria-dashboard/.git/refs/remotes/origin/main'
2024-01-08 15:24:02.694 [info] > git rev-parse refs/remotes/origin/main [0ms]
2024-01-08 15:24:02.702 [info] > git status -z -uall [2ms]
2024-01-08 15:26:28.424 [info] > git merge-base refs/heads/main refs/remotes/origin/main [2ms]
2024-01-08 15:26:28.431 [info] > git rev-list --count --left-right refs/heads/main...refs/remotes/origin/main [1ms]
2024-01-08 15:26:31.282 [info] > git show --textconv HEAD:dashboard-main/.vscode/launch.json [6ms]
2024-01-08 15:26:31.284 [info] > git ls-tree -l HEAD -- /home/jm/Projects/profesional/aria/aria-dashboard/dashboard-main/.vscode/launch.json [2ms]
2024-01-08 15:26:33.481 [info] > git add -A -- /home/jm/Projects/profesional/aria/aria-dashboard/dashboard-main/.vscode/launch.json [1ms]
2024-01-08 15:26:33.495 [info] > git config --get commit.template [6ms]
2024-01-08 15:26:33.496 [info] > git for-each-ref --format=%(refname)%00%(upstream:short)%00%(objectname)%00%(upstream:track)%00%(upstream:remotename)%00%(upstream:remoteref) refs/heads/main refs/remotes/main [1ms]
2024-01-08 15:26:33.501 [warning] ENOENT: no such file or directory, open '/home/jm/Projects/profesional/aria/aria-dashboard/.git/refs/remotes/origin/main'
2024-01-08 15:26:33.502 [info] > git rev-parse refs/remotes/origin/main [1ms]
2024-01-08 15:26:33.509 [info] > git status -z -uall [1ms]
2024-01-08 15:26:34.670 [info] > git config --get commit.template [6ms]
2024-01-08 15:26:34.671 [info] > git for-each-ref --format=%(refname)%00%(upstream:short)%00%(objectname)%00%(upstream:track)%00%(upstream:remotename)%00%(upstream:remoteref) refs/heads/main refs/remotes/main [1ms]
2024-01-08 15:26:34.676 [warning] ENOENT: no such file or directory, open '/home/jm/Projects/profesional/aria/aria-dashboard/.git/refs/remotes/origin/main'
2024-01-08 15:26:34.677 [info] > git rev-parse refs/remotes/origin/main [1ms]
2024-01-08 15:26:34.685 [info] > git status -z -uall [2ms]
2024-01-08 15:26:34.765 [info] > git ls-files --stage -- /home/jm/Projects/profesional/aria/aria-dashboard/dashboard-main/.vscode/launch.json [1ms]
2024-01-08 15:26:34.772 [info] > git cat-file -s a5fdd8515b49b23d255f005ad00d387b1db7d6a3 [1ms]
2024-01-08 15:26:34.779 [info] > git show --textconv :dashboard-main/.vscode/launch.json [1ms]
2024-01-08 15:26:39.701 [info] > git config --get commit.template [7ms]
2024-01-08 15:26:39.701 [info] > git for-each-ref --format=%(refname)%00%(upstream:short)%00%(objectname)%00%(upstream:track)%00%(upstream:remotename)%00%(upstream:remoteref) refs/heads/main refs/remotes/main [1ms]
2024-01-08 15:26:39.707 [warning] ENOENT: no such file or directory, open '/home/jm/Projects/profesional/aria/aria-dashboard/.git/refs/remotes/origin/main'
2024-01-08 15:26:39.708 [info] > git rev-parse refs/remotes/origin/main [1ms]
2024-01-08 15:26:39.716 [info] > git status -z -uall [2ms]
2024-01-08 15:27:09.366 [info] > git config --get commit.template [6ms]
2024-01-08 15:27:09.366 [info] > git for-each-ref --format=%(refname)%00%(upstream:short)%00%(objectname)%00%(upstream:track)%00%(upstream:remotename)%00%(upstream:remoteref) refs/heads/main refs/remotes/main [1ms]
2024-01-08 15:27:09.372 [warning] ENOENT: no such file or directory, open '/home/jm/Projects/profesional/aria/aria-dashboard/.git/refs/remotes/origin/main'
2024-01-08 15:27:09.373 [info] > git rev-parse refs/remotes/origin/main [1ms]
2024-01-08 15:27:09.380 [info] > git status -z -uall [1ms]
2024-01-08 15:27:09.415 [info] > git merge-base refs/heads/main refs/remotes/origin/main [1ms]
2024-01-08 15:27:09.422 [info] > git rev-list --count --left-right refs/heads/main...refs/remotes/origin/main [1ms]
2024-01-08 15:27:09.459 [info] > git ls-tree -l HEAD -- /home/jm/Projects/profesional/aria/aria-dashboard/dashboard-main/.vscode/launch.json [1ms]
2024-01-08 15:27:09.467 [info] > git show --textconv HEAD:dashboard-main/.vscode/launch.json [1ms]
2024-01-08 15:27:14.397 [info] > git config --get commit.template [7ms]
2024-01-08 15:27:14.397 [info] > git for-each-ref --format=%(refname)%00%(upstream:short)%00%(objectname)%00%(upstream:track)%00%(upstream:remotename)%00%(upstream:remoteref) refs/heads/main refs/remotes/main [1ms]
2024-01-08 15:27:14.405 [info] > git status -z -uall [2ms]
2024-01-08 15:27:14.416 [info] > git merge-base refs/heads/main refs/remotes/origin/main [1ms]
2024-01-08 15:27:14.423 [info] > git rev-list --count --left-right refs/heads/main...refs/remotes/origin/main [1ms]
2024-01-08 15:27:14.772 [info] > git ls-tree -l HEAD -- /home/jm/Projects/profesional/aria/aria-dashboard/dashboard-main/.vscode/launch.json [2ms]
2024-01-08 15:27:14.779 [info] > git show --textconv HEAD:dashboard-main/.vscode/launch.json [1ms]
2024-01-08 15:27:19.426 [info] > git config --get commit.template [6ms]
2024-01-08 15:27:19.427 [info] > git for-each-ref --format=%(refname)%00%(upstream:short)%00%(objectname)%00%(upstream:track)%00%(upstream:remotename)%00%(upstream:remoteref) refs/heads/main refs/remotes/main [1ms]
2024-01-08 15:27:19.435 [info] > git status -z -uall [1ms]
2024-01-08 15:29:03.868 [info] > git check-ignore -v -z --stdin [1ms]
