2024-01-12T01:20:01.186Z 0: 

----------------------------------------------
2024-01-12T01:20:01.195Z 1: Discord starting: {"releaseChannel":"stable","version":"0.0.40"}, modulepath: /home/jm/.config/discord/0.0.40/modules
2024-01-12T01:20:01.200Z 2: ✅ webContents.created web1 ""
2024-01-12T01:20:01.203Z 3: ✅ window.created win1 "discord"
2024-01-12T01:20:01.480Z 4: ✅ webContents.did-finish-load web1
2024-01-12T01:20:08.113Z 5: ✅ webContents.created web2 ""
2024-01-12T01:20:08.216Z 6: ✅ window.created win2 "Discord"
2024-01-12T01:20:10.739Z 7: ✅ webContents.did-finish-load web2
2024-01-12T01:20:10.839Z 8: window.close win1
2024-01-12T01:20:11.289Z 9: webContents.destroyed web1
2024-01-12T01:20:11.301Z 10: window.closed win1
2024-01-12T01:22:08.126Z 11: window.close win2
2024-01-12T02:55:05.968Z 0: 

----------------------------------------------
2024-01-12T02:55:05.987Z 1: Discord starting: {"releaseChannel":"stable","version":"0.0.40"}, modulepath: /home/jm/.config/discord/0.0.40/modules
2024-01-12T02:55:05.991Z 2: ✅ webContents.created web1 ""
2024-01-12T02:55:05.994Z 3: ✅ window.created win1 "discord"
2024-01-12T02:55:06.339Z 4: ✅ webContents.did-finish-load web1
2024-01-12T02:55:06.595Z 5: ✅ webContents.created web2 ""
2024-01-12T02:55:06.695Z 6: ✅ window.created win2 "Discord"
2024-01-12T02:55:09.442Z 7: ✅ webContents.did-finish-load web2
2024-01-12T02:55:09.534Z 8: window.close win1
2024-01-12T02:55:09.578Z 9: webContents.destroyed web1
2024-01-12T02:55:09.581Z 10: window.closed win1
2024-01-12T05:10:26.409Z 11: window.close win2
2024-01-12T05:20:32.481Z 0: 

----------------------------------------------
2024-01-12T05:20:32.493Z 1: Discord starting: {"releaseChannel":"stable","version":"0.0.40"}, modulepath: /home/jm/.config/discord/0.0.40/modules
2024-01-12T05:24:25.431Z 12: window.close win2
2024-01-12T06:06:39.243Z 0: 

----------------------------------------------
2024-01-12T06:06:39.260Z 1: Discord starting: {"releaseChannel":"stable","version":"0.0.40"}, modulepath: /home/jm/.config/discord/0.0.40/modules
2024-01-12T06:08:31.168Z 13: window.close win2
2024-01-12T06:08:31.171Z 14: before-quit
2024-01-12T06:08:31.174Z 15: window.close win2
2024-01-12T06:08:31.236Z 16: webContents.destroyed web2
